{"numFailedTestSuites":0,"numFailedTests":0,"numPassedTestSuites":22,"numPassedTests":260,"numPendingTestSuites":0,"numPendingTests":0,"numRuntimeErrorTestSuites":0,"numTodoTests":0,"numTotalTestSuites":22,"numTotalTests":260,"openHandles":[],"snapshot":{"added":0,"didUpdate":false,"failure":false,"filesAdded":0,"filesRemoved":0,"filesRemovedList":[],"filesUnmatched":0,"filesUpdated":0,"matched":0,"total":0,"unchecked":0,"uncheckedKeysByFile":[],"unmatched":0,"updated":0},"startTime":1772546248442,"success":true,"testResults":[{"assertionResults":[{"ancestorTitles":["Auth Rate Limit Module"],"duration":39,"failureDetails":[],"failureMessages":[],"fullName":"Auth Rate Limit Module allows a low risk request and returns headers","invocations":1,"location":null,"numPassingAsserts":3,"retryReasons":[],"status":"passed","title":"allows a low risk request and returns headers"},{"ancestorTitles":["Auth Rate Limit Module"],"duration":134,"failureDetails":[],"failureMessages":[],"fullName":"Auth Rate Limit Module blocks a high risk request after 10 tries","invocations":1,"location":null,"numPassingAsserts":16,"retryReasons":[],"status":"passed","title":"blocks a high risk request after 10 tries"},{"ancestorTitles":["Auth Rate Limit Module"],"duration":22,"failureDetails":[],"failureMessages":[],"fullName":"Auth Rate Limit Module isolates tiers: exhausting high risk does not exhaust low risk","invocations":1,"location":null,"numPassingAsserts":2,"retryReasons":[],"status":"passed","title":"isolates tiers: exhausting high risk does not exhaust low risk"},{"ancestorTitles":["Auth Rate Limit Module"],"duration":44,"failureDetails":[],"failureMessages":[],"fullName":"Auth Rate Limit Module isolates IPs: exhausting limit for IP A does not affect IP B","invocations":1,"location":null,"numPassingAsserts":1,"retryReasons":[],"status":"passed","title":"isolates IPs: exhausting limit for IP A does not affect IP B"},{"ancestorTitles":["Auth Rate Limit Module"],"duration":2,"failureDetails":[],"failureMessages":[],"fullName":"Auth Rate Limit Module disables completely if RATE_LIMIT_ENABLED is 0","invocations":1,"location":null,"numPassingAsserts":2,"retryReasons":[],"status":"passed","title":"disables completely if RATE_LIMIT_ENABLED is 0"}],"endTime":1772546252517,"message":"","name":"C:\\Users\\Lenovo\\.gemini\\antigravity\\scratch\\inflect-compliance\\tests\\unit\\authRateLimit.test.ts","startTime":1772546249985,"status":"passed","summary":""},{"assertionResults":[{"ancestorTitles":["Auth Rate Limit Integration (Middleware Direct)"],"duration":116,"failureDetails":[],"failureMessages":[],"fullName":"Auth Rate Limit Integration (Middleware Direct) returns a 429 Too Many Requests response after exceeding the limit on high risk endpoints","invocations":1,"location":null,"numPassingAsserts":15,"retryReasons":[],"status":"passed","title":"returns a 429 Too Many Requests response after exceeding the limit on high risk endpoints"},{"ancestorTitles":["Auth Rate Limit Integration (Middleware Direct)"],"duration":49,"failureDetails":[],"failureMessages":[],"fullName":"Auth Rate Limit Integration (Middleware Direct) does not rate limit non-auth endpoints","invocations":1,"location":null,"numPassingAsserts":70,"retryReasons":[],"status":"passed","title":"does not rate limit non-auth endpoints"},{"ancestorTitles":["Auth Rate Limit Integration (Middleware Direct)"],"duration":119,"failureDetails":[],"failureMessages":[],"fullName":"Auth Rate Limit Integration (Middleware Direct) different IPs have isolated limits","invocations":1,"location":null,"numPassingAsserts":2,"retryReasons":[],"status":"passed","title":"different IPs have isolated limits"}],"endTime":1772546252585,"message":"","name":"C:\\Users\\Lenovo\\.gemini\\antigravity\\scratch\\inflect-compliance\\tests\\integration\\auth-ratelimit.test.ts","startTime":1772546249930,"status":"passed","summary":""},{"assertionResults":[{"ancestorTitles":["CI Guard: No direct prisma in tenant-scoped code"],"duration":31,"failureDetails":[],"failureMessages":[],"fullName":"CI Guard: No direct prisma in tenant-scoped code AssetRepository.ts must NOT import global prisma","invocations":1,"location":null,"numPassingAsserts":1,"retryReasons":[],"status":"passed","title":"AssetRepository.ts must NOT import global prisma"},{"ancestorTitles":["CI Guard: No direct prisma in tenant-scoped code"],"duration":1,"failureDetails":[],"failureMessages":[],"fullName":"CI Guard: No direct prisma in tenant-scoped code AuditLogRepository.ts must NOT import global prisma","invocations":1,"location":null,"numPassingAsserts":1,"retryReasons":[],"status":"passed","title":"AuditLogRepository.ts must NOT import global prisma"},{"ancestorTitles":["CI Guard: No direct prisma in tenant-scoped code"],"duration":1,"failureDetails":[],"failureMessages":[],"fullName":"CI Guard: No direct prisma in tenant-scoped code AuditRepository.ts must NOT import global prisma","invocations":1,"location":null,"numPassingAsserts":1,"retryReasons":[],"status":"passed","title":"AuditRepository.ts must NOT import global prisma"},{"ancestorTitles":["CI Guard: No direct prisma in tenant-scoped code"],"duration":1,"failureDetails":[],"failureMessages":[],"fullName":"CI Guard: No direct prisma in tenant-scoped code ControlRepository.ts must NOT import global prisma","invocations":1,"location":null,"numPassingAsserts":1,"retryReasons":[],"status":"passed","title":"ControlRepository.ts must NOT import global prisma"},{"ancestorTitles":["CI Guard: No direct prisma in tenant-scoped code"],"duration":1,"failureDetails":[],"failureMessages":[],"fullName":"CI Guard: No direct prisma in tenant-scoped code DashboardRepository.ts must NOT import global prisma","invocations":1,"location":null,"numPassingAsserts":1,"retryReasons":[],"status":"passed","title":"DashboardRepository.ts must NOT import global prisma"},{"ancestorTitles":["CI Guard: No direct prisma in tenant-scoped code"],"duration":1,"failureDetails":[],"failureMessages":[],"fullName":"CI Guard: No direct prisma in tenant-scoped code EvidenceRepository.ts must NOT import global prisma","invocations":1,"location":null,"numPassingAsserts":1,"retryReasons":[],"status":"passed","title":"EvidenceRepository.ts must NOT import global prisma"},{"ancestorTitles":["CI Guard: No direct prisma in tenant-scoped code"],"duration":1,"failureDetails":[],"failureMessages":[],"fullName":"CI Guard: No direct prisma in tenant-scoped code FileRepository.ts must NOT import global prisma","invocations":1,"location":null,"numPassingAsserts":1,"retryReasons":[],"status":"passed","title":"FileRepository.ts must NOT import global prisma"},{"ancestorTitles":["CI Guard: No direct prisma in tenant-scoped code"],"duration":1,"failureDetails":[],"failureMessages":[],"fullName":"CI Guard: No direct prisma in tenant-scoped code FindingRepository.ts must NOT import global prisma","invocations":1,"location":null,"numPassingAsserts":1,"retryReasons":[],"status":"passed","title":"FindingRepository.ts must NOT import global prisma"},{"ancestorTitles":["CI Guard: No direct prisma in tenant-scoped code"],"duration":1,"failureDetails":[],"failureMessages":[],"fullName":"CI Guard: No direct prisma in tenant-scoped code MappingRepository.ts must NOT import global prisma","invocations":1,"location":null,"numPassingAsserts":1,"retryReasons":[],"status":"passed","title":"MappingRepository.ts must NOT import global prisma"},{"ancestorTitles":["CI Guard: No direct prisma in tenant-scoped code"],"duration":0,"failureDetails":[],"failureMessages":[],"fullName":"CI Guard: No direct prisma in tenant-scoped code NotificationRepository.ts must NOT import global prisma","invocations":1,"location":null,"numPassingAsserts":1,"retryReasons":[],"status":"passed","title":"NotificationRepository.ts must NOT import global prisma"},{"ancestorTitles":["CI Guard: No direct prisma in tenant-scoped code"],"duration":2,"failureDetails":[],"failureMessages":[],"fullName":"CI Guard: No direct prisma in tenant-scoped code PolicyRepository.ts must NOT import global prisma","invocations":1,"location":null,"numPassingAsserts":1,"retryReasons":[],"status":"passed","title":"PolicyRepository.ts must NOT import global prisma"},{"ancestorTitles":["CI Guard: No direct prisma in tenant-scoped code"],"duration":1,"failureDetails":[],"failureMessages":[],"fullName":"CI Guard: No direct prisma in tenant-scoped code ReportRepository.ts must NOT import global prisma","invocations":1,"location":null,"numPassingAsserts":1,"retryReasons":[],"status":"passed","title":"ReportRepository.ts must NOT import global prisma"},{"ancestorTitles":["CI Guard: No direct prisma in tenant-scoped code"],"duration":1,"failureDetails":[],"failureMessages":[],"fullName":"CI Guard: No direct prisma in tenant-scoped code RiskRepository.ts must NOT import global prisma","invocations":1,"location":null,"numPassingAsserts":1,"retryReasons":[],"status":"passed","title":"RiskRepository.ts must NOT import global prisma"},{"ancestorTitles":["CI Guard: No direct prisma in tenant-scoped code"],"duration":0,"failureDetails":[],"failureMessages":[],"fullName":"CI Guard: No direct prisma in tenant-scoped code TaskRepository.ts must NOT import global prisma","invocations":1,"location":null,"numPassingAsserts":1,"retryReasons":[],"status":"passed","title":"TaskRepository.ts must NOT import global prisma"},{"ancestorTitles":["CI Guard: No direct prisma in tenant-scoped code"],"duration":0,"failureDetails":[],"failureMessages":[],"fullName":"CI Guard: No direct prisma in tenant-scoped code asset.ts must NOT import global prisma","invocations":1,"location":null,"numPassingAsserts":1,"retryReasons":[],"status":"passed","title":"asset.ts must NOT import global prisma"},{"ancestorTitles":["CI Guard: No direct prisma in tenant-scoped code"],"duration":1,"failureDetails":[],"failureMessages":[],"fullName":"CI Guard: No direct prisma in tenant-scoped code audit.ts must NOT import global prisma","invocations":1,"location":null,"numPassingAsserts":1,"retryReasons":[],"status":"passed","title":"audit.ts must NOT import global prisma"},{"ancestorTitles":["CI Guard: No direct prisma in tenant-scoped code"],"duration":1,"failureDetails":[],"failureMessages":[],"fullName":"CI Guard: No direct prisma in tenant-scoped code auditLog.ts must NOT import global prisma","invocations":1,"location":null,"numPassingAsserts":1,"retryReasons":[],"status":"passed","title":"auditLog.ts must NOT import global prisma"},{"ancestorTitles":["CI Guard: No direct prisma in tenant-scoped code"],"duration":0,"failureDetails":[],"failureMessages":[],"fullName":"CI Guard: No direct prisma in tenant-scoped code clause.ts must NOT import global prisma","invocations":1,"location":null,"numPassingAsserts":1,"retryReasons":[],"status":"passed","title":"clause.ts must NOT import global prisma"},{"ancestorTitles":["CI Guard: No direct prisma in tenant-scoped code"],"duration":1,"failureDetails":[],"failureMessages":[],"fullName":"CI Guard: No direct prisma in tenant-scoped code control.ts must NOT import global prisma","invocations":1,"location":null,"numPassingAsserts":1,"retryReasons":[],"status":"passed","title":"control.ts must NOT import global prisma"},{"ancestorTitles":["CI Guard: No direct prisma in tenant-scoped code"],"duration":0,"failureDetails":[],"failureMessages":[],"fullName":"CI Guard: No direct prisma in tenant-scoped code dashboard.ts must NOT import global prisma","invocations":1,"location":null,"numPassingAsserts":1,"retryReasons":[],"status":"passed","title":"dashboard.ts must NOT import global prisma"},{"ancestorTitles":["CI Guard: No direct prisma in tenant-scoped code"],"duration":1,"failureDetails":[],"failureMessages":[],"fullName":"CI Guard: No direct prisma in tenant-scoped code file.ts must NOT import global prisma","invocations":1,"location":null,"numPassingAsserts":1,"retryReasons":[],"status":"passed","title":"file.ts must NOT import global prisma"},{"ancestorTitles":["CI Guard: No direct prisma in tenant-scoped code"],"duration":3,"failureDetails":[],"failureMessages":[],"fullName":"CI Guard: No direct prisma in tenant-scoped code finding.ts must NOT import global prisma","invocations":1,"location":null,"numPassingAsserts":1,"retryReasons":[],"status":"passed","title":"finding.ts must NOT import global prisma"},{"ancestorTitles":["CI Guard: No direct prisma in tenant-scoped code"],"duration":0,"failureDetails":[],"failureMessages":[],"fullName":"CI Guard: No direct prisma in tenant-scoped code mapping.ts must NOT import global prisma","invocations":1,"location":null,"numPassingAsserts":1,"retryReasons":[],"status":"passed","title":"mapping.ts must NOT import global prisma"},{"ancestorTitles":["CI Guard: No direct prisma in tenant-scoped code"],"duration":0,"failureDetails":[],"failureMessages":[],"fullName":"CI Guard: No direct prisma in tenant-scoped code notification.ts must NOT import global prisma","invocations":1,"location":null,"numPassingAsserts":1,"retryReasons":[],"status":"passed","title":"notification.ts must NOT import global prisma"},{"ancestorTitles":["CI Guard: No direct prisma in tenant-scoped code"],"duration":1,"failureDetails":[],"failureMessages":[],"fullName":"CI Guard: No direct prisma in tenant-scoped code policy.ts must NOT import global prisma","invocations":1,"location":null,"numPassingAsserts":1,"retryReasons":[],"status":"passed","title":"policy.ts must NOT import global prisma"},{"ancestorTitles":["CI Guard: No direct prisma in tenant-scoped code"],"duration":0,"failureDetails":[],"failureMessages":[],"fullName":"CI Guard: No direct prisma in tenant-scoped code report.ts must NOT import global prisma","invocations":1,"location":null,"numPassingAsserts":1,"retryReasons":[],"status":"passed","title":"report.ts must NOT import global prisma"},{"ancestorTitles":["CI Guard: No direct prisma in tenant-scoped code"],"duration":0,"failureDetails":[],"failureMessages":[],"fullName":"CI Guard: No direct prisma in tenant-scoped code task.ts must NOT import global prisma","invocations":1,"location":null,"numPassingAsserts":1,"retryReasons":[],"status":"passed","title":"task.ts must NOT import global prisma"},{"ancestorTitles":["CI Guard: No direct prisma in tenant-scoped code"],"duration":1,"failureDetails":[],"failureMessages":[],"fullName":"CI Guard: No direct prisma in tenant-scoped code asset.ts must use runInTenantContext (not raw withTenantDb)","invocations":1,"location":null,"numPassingAsserts":1,"retryReasons":[],"status":"passed","title":"asset.ts must use runInTenantContext (not raw withTenantDb)"},{"ancestorTitles":["CI Guard: No direct prisma in tenant-scoped code"],"duration":0,"failureDetails":[],"failureMessages":[],"fullName":"CI Guard: No direct prisma in tenant-scoped code audit.ts must use runInTenantContext (not raw withTenantDb)","invocations":1,"location":null,"numPassingAsserts":1,"retryReasons":[],"status":"passed","title":"audit.ts must use runInTenantContext (not raw withTenantDb)"},{"ancestorTitles":["CI Guard: No direct prisma in tenant-scoped code"],"duration":0,"failureDetails":[],"failureMessages":[],"fullName":"CI Guard: No direct prisma in tenant-scoped code auditLog.ts must use runInTenantContext (not raw withTenantDb)","invocations":1,"location":null,"numPassingAsserts":1,"retryReasons":[],"status":"passed","title":"auditLog.ts must use runInTenantContext (not raw withTenantDb)"},{"ancestorTitles":["CI Guard: No direct prisma in tenant-scoped code"],"duration":1,"failureDetails":[],"failureMessages":[],"fullName":"CI Guard: No direct prisma in tenant-scoped code clause.ts must use runInTenantContext (not raw withTenantDb)","invocations":1,"location":null,"numPassingAsserts":1,"retryReasons":[],"status":"passed","title":"clause.ts must use runInTenantContext (not raw withTenantDb)"},{"ancestorTitles":["CI Guard: No direct prisma in tenant-scoped code"],"duration":0,"failureDetails":[],"failureMessages":[],"fullName":"CI Guard: No direct prisma in tenant-scoped code control.ts must use runInTenantContext (not raw withTenantDb)","invocations":1,"location":null,"numPassingAsserts":1,"retryReasons":[],"status":"passed","title":"control.ts must use runInTenantContext (not raw withTenantDb)"},{"ancestorTitles":["CI Guard: No direct prisma in tenant-scoped code"],"duration":1,"failureDetails":[],"failureMessages":[],"fullName":"CI Guard: No direct prisma in tenant-scoped code dashboard.ts must use runInTenantContext (not raw withTenantDb)","invocations":1,"location":null,"numPassingAsserts":1,"retryReasons":[],"status":"passed","title":"dashboard.ts must use runInTenantContext (not raw withTenantDb)"},{"ancestorTitles":["CI Guard: No direct prisma in tenant-scoped code"],"duration":0,"failureDetails":[],"failureMessages":[],"fullName":"CI Guard: No direct prisma in tenant-scoped code evidence.ts must use runInTenantContext (not raw withTenantDb)","invocations":1,"location":null,"numPassingAsserts":1,"retryReasons":[],"status":"passed","title":"evidence.ts must use runInTenantContext (not raw withTenantDb)"},{"ancestorTitles":["CI Guard: No direct prisma in tenant-scoped code"],"duration":0,"failureDetails":[],"failureMessages":[],"fullName":"CI Guard: No direct prisma in tenant-scoped code file.ts must use runInTenantContext (not raw withTenantDb)","invocations":1,"location":null,"numPassingAsserts":1,"retryReasons":[],"status":"passed","title":"file.ts must use runInTenantContext (not raw withTenantDb)"},{"ancestorTitles":["CI Guard: No direct prisma in tenant-scoped code"],"duration":1,"failureDetails":[],"failureMessages":[],"fullName":"CI Guard: No direct prisma in tenant-scoped code finding.ts must use runInTenantContext (not raw withTenantDb)","invocations":1,"location":null,"numPassingAsserts":1,"retryReasons":[],"status":"passed","title":"finding.ts must use runInTenantContext (not raw withTenantDb)"},{"ancestorTitles":["CI Guard: No direct prisma in tenant-scoped code"],"duration":0,"failureDetails":[],"failureMessages":[],"fullName":"CI Guard: No direct prisma in tenant-scoped code mapping.ts must use runInTenantContext (not raw withTenantDb)","invocations":1,"location":null,"numPassingAsserts":1,"retryReasons":[],"status":"passed","title":"mapping.ts must use runInTenantContext (not raw withTenantDb)"},{"ancestorTitles":["CI Guard: No direct prisma in tenant-scoped code"],"duration":1,"failureDetails":[],"failureMessages":[],"fullName":"CI Guard: No direct prisma in tenant-scoped code notification.ts must use runInTenantContext (not raw withTenantDb)","invocations":1,"location":null,"numPassingAsserts":1,"retryReasons":[],"status":"passed","title":"notification.ts must use runInTenantContext (not raw withTenantDb)"},{"ancestorTitles":["CI Guard: No direct prisma in tenant-scoped code"],"duration":0,"failureDetails":[],"failureMessages":[],"fullName":"CI Guard: No direct prisma in tenant-scoped code policy.ts must use runInTenantContext (not raw withTenantDb)","invocations":1,"location":null,"numPassingAsserts":1,"retryReasons":[],"status":"passed","title":"policy.ts must use runInTenantContext (not raw withTenantDb)"},{"ancestorTitles":["CI Guard: No direct prisma in tenant-scoped code"],"duration":0,"failureDetails":[],"failureMessages":[],"fullName":"CI Guard: No direct prisma in tenant-scoped code report.ts must use runInTenantContext (not raw withTenantDb)","invocations":1,"location":null,"numPassingAsserts":1,"retryReasons":[],"status":"passed","title":"report.ts must use runInTenantContext (not raw withTenantDb)"},{"ancestorTitles":["CI Guard: No direct prisma in tenant-scoped code"],"duration":1,"failureDetails":[],"failureMessages":[],"fullName":"CI Guard: No direct prisma in tenant-scoped code risk.ts must use runInTenantContext (not raw withTenantDb)","invocations":1,"location":null,"numPassingAsserts":1,"retryReasons":[],"status":"passed","title":"risk.ts must use runInTenantContext (not raw withTenantDb)"},{"ancestorTitles":["CI Guard: No direct prisma in tenant-scoped code"],"duration":0,"failureDetails":[],"failureMessages":[],"fullName":"CI Guard: No direct prisma in tenant-scoped code task.ts must use runInTenantContext (not raw withTenantDb)","invocations":1,"location":null,"numPassingAsserts":1,"retryReasons":[],"status":"passed","title":"task.ts must use runInTenantContext (not raw withTenantDb)"},{"ancestorTitles":["CI Guard: No direct prisma in tenant-scoped code"],"duration":3,"failureDetails":[],"failureMessages":[],"fullName":"CI Guard: No direct prisma in tenant-scoped code tenant route src\\app\\api\\t\\[tenantSlug]\\assets\\route.ts must NOT call prisma directly","invocations":1,"location":null,"numPassingAsserts":1,"retryReasons":[],"status":"passed","title":"tenant route src\\app\\api\\t\\[tenantSlug]\\assets\\route.ts must NOT call prisma directly"},{"ancestorTitles":["CI Guard: No direct prisma in tenant-scoped code"],"duration":1,"failureDetails":[],"failureMessages":[],"fullName":"CI Guard: No direct prisma in tenant-scoped code tenant route src\\app\\api\\t\\[tenantSlug]\\assets\\[id]\\route.ts must NOT call prisma directly","invocations":1,"location":null,"numPassingAsserts":1,"retryReasons":[],"status":"passed","title":"tenant route src\\app\\api\\t\\[tenantSlug]\\assets\\[id]\\route.ts must NOT call prisma directly"},{"ancestorTitles":["CI Guard: No direct prisma in tenant-scoped code"],"duration":0,"failureDetails":[],"failureMessages":[],"fullName":"CI Guard: No direct prisma in tenant-scoped code tenant route src\\app\\api\\t\\[tenantSlug]\\audit-log\\route.ts must NOT call prisma directly","invocations":1,"location":null,"numPassingAsserts":1,"retryReasons":[],"status":"passed","title":"tenant route src\\app\\api\\t\\[tenantSlug]\\audit-log\\route.ts must NOT call prisma directly"},{"ancestorTitles":["CI Guard: No direct prisma in tenant-scoped code"],"duration":1,"failureDetails":[],"failureMessages":[],"fullName":"CI Guard: No direct prisma in tenant-scoped code tenant route src\\app\\api\\t\\[tenantSlug]\\audits\\route.ts must NOT call prisma directly","invocations":1,"location":null,"numPassingAsserts":1,"retryReasons":[],"status":"passed","title":"tenant route src\\app\\api\\t\\[tenantSlug]\\audits\\route.ts must NOT call prisma directly"},{"ancestorTitles":["CI Guard: No direct prisma in tenant-scoped code"],"duration":16,"failureDetails":[],"failureMessages":[],"fullName":"CI Guard: No direct prisma in tenant-scoped code tenant route src\\app\\api\\t\\[tenantSlug]\\audits\\[id]\\route.ts must NOT call prisma directly","invocations":1,"location":null,"numPassingAsserts":1,"retryReasons":[],"status":"passed","title":"tenant route src\\app\\api\\t\\[tenantSlug]\\audits\\[id]\\route.ts must NOT call prisma directly"},{"ancestorTitles":["CI Guard: No direct prisma in tenant-scoped code"],"duration":1,"failureDetails":[],"failureMessages":[],"fullName":"CI Guard: No direct prisma in tenant-scoped code tenant route src\\app\\api\\t\\[tenantSlug]\\clauses\\route.ts must NOT call prisma directly","invocations":1,"location":null,"numPassingAsserts":1,"retryReasons":[],"status":"passed","title":"tenant route src\\app\\api\\t\\[tenantSlug]\\clauses\\route.ts must NOT call prisma directly"},{"ancestorTitles":["CI Guard: No direct prisma in tenant-scoped code"],"duration":1,"failureDetails":[],"failureMessages":[],"fullName":"CI Guard: No direct prisma in tenant-scoped code tenant route src\\app\\api\\t\\[tenantSlug]\\clauses\\[id]\\route.ts must NOT call prisma directly","invocations":1,"location":null,"numPassingAsserts":1,"retryReasons":[],"status":"passed","title":"tenant route src\\app\\api\\t\\[tenantSlug]\\clauses\\[id]\\route.ts must NOT call prisma directly"},{"ancestorTitles":["CI Guard: No direct prisma in tenant-scoped code"],"duration":2,"failureDetails":[],"failureMessages":[],"fullName":"CI Guard: No direct prisma in tenant-scoped code tenant route src\\app\\api\\t\\[tenantSlug]\\controls\\route.ts must NOT call prisma directly","invocations":1,"location":null,"numPassingAsserts":1,"retryReasons":[],"status":"passed","title":"tenant route src\\app\\api\\t\\[tenantSlug]\\controls\\route.ts must NOT call prisma directly"},{"ancestorTitles":["CI Guard: No direct prisma in tenant-scoped code"],"duration":0,"failureDetails":[],"failureMessages":[],"fullName":"CI Guard: No direct prisma in tenant-scoped code tenant route src\\app\\api\\t\\[tenantSlug]\\controls\\[id]\\route.ts must NOT call prisma directly","invocations":1,"location":null,"numPassingAsserts":1,"retryReasons":[],"status":"passed","title":"tenant route src\\app\\api\\t\\[tenantSlug]\\controls\\[id]\\route.ts must NOT call prisma directly"},{"ancestorTitles":["CI Guard: No direct prisma in tenant-scoped code"],"duration":3,"failureDetails":[],"failureMessages":[],"fullName":"CI Guard: No direct prisma in tenant-scoped code tenant route src\\app\\api\\t\\[tenantSlug]\\dashboard\\route.ts must NOT call prisma directly","invocations":1,"location":null,"numPassingAsserts":1,"retryReasons":[],"status":"passed","title":"tenant route src\\app\\api\\t\\[tenantSlug]\\dashboard\\route.ts must NOT call prisma directly"},{"ancestorTitles":["CI Guard: No direct prisma in tenant-scoped code"],"duration":1,"failureDetails":[],"failureMessages":[],"fullName":"CI Guard: No direct prisma in tenant-scoped code tenant route src\\app\\api\\t\\[tenantSlug]\\evidence\\route.ts must NOT call prisma directly","invocations":1,"location":null,"numPassingAsserts":1,"retryReasons":[],"status":"passed","title":"tenant route src\\app\\api\\t\\[tenantSlug]\\evidence\\route.ts must NOT call prisma directly"},{"ancestorTitles":["CI Guard: No direct prisma in tenant-scoped code"],"duration":4,"failureDetails":[],"failureMessages":[],"fullName":"CI Guard: No direct prisma in tenant-scoped code tenant route src\\app\\api\\t\\[tenantSlug]\\evidence\\[id]\\review\\route.ts must NOT call prisma directly","invocations":1,"location":null,"numPassingAsserts":1,"retryReasons":[],"status":"passed","title":"tenant route src\\app\\api\\t\\[tenantSlug]\\evidence\\[id]\\review\\route.ts must NOT call prisma directly"},{"ancestorTitles":["CI Guard: No direct prisma in tenant-scoped code"],"duration":1,"failureDetails":[],"failureMessages":[],"fullName":"CI Guard: No direct prisma in tenant-scoped code tenant route src\\app\\api\\t\\[tenantSlug]\\evidence\\[id]\\route.ts must NOT call prisma directly","invocations":1,"location":null,"numPassingAsserts":1,"retryReasons":[],"status":"passed","title":"tenant route src\\app\\api\\t\\[tenantSlug]\\evidence\\[id]\\route.ts must NOT call prisma directly"},{"ancestorTitles":["CI Guard: No direct prisma in tenant-scoped code"],"duration":1,"failureDetails":[],"failureMessages":[],"fullName":"CI Guard: No direct prisma in tenant-scoped code tenant route src\\app\\api\\t\\[tenantSlug]\\files\\[fileName]\\route.ts must NOT call prisma directly","invocations":1,"location":null,"numPassingAsserts":1,"retryReasons":[],"status":"passed","title":"tenant route src\\app\\api\\t\\[tenantSlug]\\files\\[fileName]\\route.ts must NOT call prisma directly"},{"ancestorTitles":["CI Guard: No direct prisma in tenant-scoped code"],"duration":1,"failureDetails":[],"failureMessages":[],"fullName":"CI Guard: No direct prisma in tenant-scoped code tenant route src\\app\\api\\t\\[tenantSlug]\\findings\\route.ts must NOT call prisma directly","invocations":1,"location":null,"numPassingAsserts":1,"retryReasons":[],"status":"passed","title":"tenant route src\\app\\api\\t\\[tenantSlug]\\findings\\route.ts must NOT call prisma directly"},{"ancestorTitles":["CI Guard: No direct prisma in tenant-scoped code"],"duration":0,"failureDetails":[],"failureMessages":[],"fullName":"CI Guard: No direct prisma in tenant-scoped code tenant route src\\app\\api\\t\\[tenantSlug]\\findings\\[id]\\route.ts must NOT call prisma directly","invocations":1,"location":null,"numPassingAsserts":1,"retryReasons":[],"status":"passed","title":"tenant route src\\app\\api\\t\\[tenantSlug]\\findings\\[id]\\route.ts must NOT call prisma directly"},{"ancestorTitles":["CI Guard: No direct prisma in tenant-scoped code"],"duration":0,"failureDetails":[],"failureMessages":[],"fullName":"CI Guard: No direct prisma in tenant-scoped code tenant route src\\app\\api\\t\\[tenantSlug]\\mapping\\route.ts must NOT call prisma directly","invocations":1,"location":null,"numPassingAsserts":1,"retryReasons":[],"status":"passed","title":"tenant route src\\app\\api\\t\\[tenantSlug]\\mapping\\route.ts must NOT call prisma directly"},{"ancestorTitles":["CI Guard: No direct prisma in tenant-scoped code"],"duration":1,"failureDetails":[],"failureMessages":[],"fullName":"CI Guard: No direct prisma in tenant-scoped code tenant route src\\app\\api\\t\\[tenantSlug]\\notifications\\route.ts must NOT call prisma directly","invocations":1,"location":null,"numPassingAsserts":1,"retryReasons":[],"status":"passed","title":"tenant route src\\app\\api\\t\\[tenantSlug]\\notifications\\route.ts must NOT call prisma directly"},{"ancestorTitles":["CI Guard: No direct prisma in tenant-scoped code"],"duration":0,"failureDetails":[],"failureMessages":[],"fullName":"CI Guard: No direct prisma in tenant-scoped code tenant route src\\app\\api\\t\\[tenantSlug]\\notifications\\[id]\\route.ts must NOT call prisma directly","invocations":1,"location":null,"numPassingAsserts":1,"retryReasons":[],"status":"passed","title":"tenant route src\\app\\api\\t\\[tenantSlug]\\notifications\\[id]\\route.ts must NOT call prisma directly"},{"ancestorTitles":["CI Guard: No direct prisma in tenant-scoped code"],"duration":1,"failureDetails":[],"failureMessages":[],"fullName":"CI Guard: No direct prisma in tenant-scoped code tenant route src\\app\\api\\t\\[tenantSlug]\\policies\\route.ts must NOT call prisma directly","invocations":1,"location":null,"numPassingAsserts":1,"retryReasons":[],"status":"passed","title":"tenant route src\\app\\api\\t\\[tenantSlug]\\policies\\route.ts must NOT call prisma directly"},{"ancestorTitles":["CI Guard: No direct prisma in tenant-scoped code"],"duration":1,"failureDetails":[],"failureMessages":[],"fullName":"CI Guard: No direct prisma in tenant-scoped code tenant route src\\app\\api\\t\\[tenantSlug]\\policies\\[id]\\acknowledge\\route.ts must NOT call prisma directly","invocations":1,"location":null,"numPassingAsserts":1,"retryReasons":[],"status":"passed","title":"tenant route src\\app\\api\\t\\[tenantSlug]\\policies\\[id]\\acknowledge\\route.ts must NOT call prisma directly"},{"ancestorTitles":["CI Guard: No direct prisma in tenant-scoped code"],"duration":2,"failureDetails":[],"failureMessages":[],"fullName":"CI Guard: No direct prisma in tenant-scoped code tenant route src\\app\\api\\t\\[tenantSlug]\\policies\\[id]\\approve\\route.ts must NOT call prisma directly","invocations":1,"location":null,"numPassingAsserts":1,"retryReasons":[],"status":"passed","title":"tenant route src\\app\\api\\t\\[tenantSlug]\\policies\\[id]\\approve\\route.ts must NOT call prisma directly"},{"ancestorTitles":["CI Guard: No direct prisma in tenant-scoped code"],"duration":1,"failureDetails":[],"failureMessages":[],"fullName":"CI Guard: No direct prisma in tenant-scoped code tenant route src\\app\\api\\t\\[tenantSlug]\\policies\\[id]\\route.ts must NOT call prisma directly","invocations":1,"location":null,"numPassingAsserts":1,"retryReasons":[],"status":"passed","title":"tenant route src\\app\\api\\t\\[tenantSlug]\\policies\\[id]\\route.ts must NOT call prisma directly"},{"ancestorTitles":["CI Guard: No direct prisma in tenant-scoped code"],"duration":0,"failureDetails":[],"failureMessages":[],"fullName":"CI Guard: No direct prisma in tenant-scoped code tenant route src\\app\\api\\t\\[tenantSlug]\\reports\\route.ts must NOT call prisma directly","invocations":1,"location":null,"numPassingAsserts":1,"retryReasons":[],"status":"passed","title":"tenant route src\\app\\api\\t\\[tenantSlug]\\reports\\route.ts must NOT call prisma directly"},{"ancestorTitles":["CI Guard: No direct prisma in tenant-scoped code"],"duration":1,"failureDetails":[],"failureMessages":[],"fullName":"CI Guard: No direct prisma in tenant-scoped code tenant route src\\app\\api\\t\\[tenantSlug]\\risks\\route.ts must NOT call prisma directly","invocations":1,"location":null,"numPassingAsserts":1,"retryReasons":[],"status":"passed","title":"tenant route src\\app\\api\\t\\[tenantSlug]\\risks\\route.ts must NOT call prisma directly"},{"ancestorTitles":["CI Guard: No direct prisma in tenant-scoped code"],"duration":0,"failureDetails":[],"failureMessages":[],"fullName":"CI Guard: No direct prisma in tenant-scoped code tenant route src\\app\\api\\t\\[tenantSlug]\\risks\\[id]\\controls\\route.ts must NOT call prisma directly","invocations":1,"location":null,"numPassingAsserts":1,"retryReasons":[],"status":"passed","title":"tenant route src\\app\\api\\t\\[tenantSlug]\\risks\\[id]\\controls\\route.ts must NOT call prisma directly"},{"ancestorTitles":["CI Guard: No direct prisma in tenant-scoped code"],"duration":8,"failureDetails":[],"failureMessages":[],"fullName":"CI Guard: No direct prisma in tenant-scoped code tenant route src\\app\\api\\t\\[tenantSlug]\\risks\\[id]\\route.ts must NOT call prisma directly","invocations":1,"location":null,"numPassingAsserts":1,"retryReasons":[],"status":"passed","title":"tenant route src\\app\\api\\t\\[tenantSlug]\\risks\\[id]\\route.ts must NOT call prisma directly"},{"ancestorTitles":["CI Guard: No direct prisma in tenant-scoped code"],"duration":1,"failureDetails":[],"failureMessages":[],"fullName":"CI Guard: No direct prisma in tenant-scoped code tenant route src\\app\\api\\t\\[tenantSlug]\\s\\[scopeSlug]\\risks\\route.ts must NOT call prisma directly","invocations":1,"location":null,"numPassingAsserts":1,"retryReasons":[],"status":"passed","title":"tenant route src\\app\\api\\t\\[tenantSlug]\\s\\[scopeSlug]\\risks\\route.ts must NOT call prisma directly"},{"ancestorTitles":["CI Guard: No direct prisma in tenant-scoped code"],"duration":1,"failureDetails":[],"failureMessages":[],"fullName":"CI Guard: No direct prisma in tenant-scoped code tenant route src\\app\\api\\t\\[tenantSlug]\\s\\[scopeSlug]\\risks\\[riskId]\\controls\\route.ts must NOT call prisma directly","invocations":1,"location":null,"numPassingAsserts":1,"retryReasons":[],"status":"passed","title":"tenant route src\\app\\api\\t\\[tenantSlug]\\s\\[scopeSlug]\\risks\\[riskId]\\controls\\route.ts must NOT call prisma directly"},{"ancestorTitles":["CI Guard: No direct prisma in tenant-scoped code"],"duration":0,"failureDetails":[],"failureMessages":[],"fullName":"CI Guard: No direct prisma in tenant-scoped code tenant route src\\app\\api\\t\\[tenantSlug]\\s\\[scopeSlug]\\risks\\[riskId]\\route.ts must NOT call prisma directly","invocations":1,"location":null,"numPassingAsserts":1,"retryReasons":[],"status":"passed","title":"tenant route src\\app\\api\\t\\[tenantSlug]\\s\\[scopeSlug]\\risks\\[riskId]\\route.ts must NOT call prisma directly"},{"ancestorTitles":["CI Guard: No direct prisma in tenant-scoped code"],"duration":4,"failureDetails":[],"failureMessages":[],"fullName":"CI Guard: No direct prisma in tenant-scoped code tenant route src\\app\\api\\t\\[tenantSlug]\\s\\[scopeSlug]\\risks\\[riskId]\\status\\route.ts must NOT call prisma directly","invocations":1,"location":null,"numPassingAsserts":1,"retryReasons":[],"status":"passed","title":"tenant route src\\app\\api\\t\\[tenantSlug]\\s\\[scopeSlug]\\risks\\[riskId]\\status\\route.ts must NOT call prisma directly"},{"ancestorTitles":["CI Guard: No direct prisma in tenant-scoped code"],"duration":0,"failureDetails":[],"failureMessages":[],"fullName":"CI Guard: No direct prisma in tenant-scoped code tenant route src\\app\\api\\t\\[tenantSlug]\\tasks\\route.ts must NOT call prisma directly","invocations":1,"location":null,"numPassingAsserts":1,"retryReasons":[],"status":"passed","title":"tenant route src\\app\\api\\t\\[tenantSlug]\\tasks\\route.ts must NOT call prisma directly"}],"endTime":1772546252824,"message":"","name":"C:\\Users\\Lenovo\\.gemini\\antigravity\\scratch\\inflect-compliance\\tests\\unit\\no-direct-prisma.test.ts","startTime":1772546249922,"status":"passed","summary":""},{"assertionResults":[{"ancestorTitles":["Validation Layer Integration","JSON Body Validation"],"duration":97,"failureDetails":[],"failureMessages":[],"fullName":"Validation Layer Integration JSON Body Validation POST /api/tasks returns 400 VALIDATION_ERROR when required fields are missing","invocations":1,"location":null,"numPassingAsserts":4,"retryReasons":[],"status":"passed","title":"POST /api/tasks returns 400 VALIDATION_ERROR when required fields are missing"},{"ancestorTitles":["Validation Layer Integration","JSON Body Validation"],"duration":8,"failureDetails":[],"failureMessages":[],"fullName":"Validation Layer Integration JSON Body Validation POST /api/policies returns 400 on invalid JSON payload","invocations":1,"location":null,"numPassingAsserts":3,"retryReasons":[],"status":"passed","title":"POST /api/policies returns 400 on invalid JSON payload"},{"ancestorTitles":["Validation Layer Integration","JSON Body Validation"],"duration":8,"failureDetails":[],"failureMessages":[],"fullName":"Validation Layer Integration JSON Body Validation PUT /api/risks/123 returns 400 on out-of-bounds numbers","invocations":1,"location":null,"numPassingAsserts":2,"retryReasons":[],"status":"passed","title":"PUT /api/risks/123 returns 400 on out-of-bounds numbers"},{"ancestorTitles":["Validation Layer Integration","Multipart Form Validation"],"duration":30,"failureDetails":[],"failureMessages":[],"fullName":"Validation Layer Integration Multipart Form Validation POST /api/evidence returns 400 when attempting to upload without required fields","invocations":1,"location":null,"numPassingAsserts":3,"retryReasons":[],"status":"passed","title":"POST /api/evidence returns 400 when attempting to upload without required fields"}],"endTime":1772546252857,"message":"","name":"C:\\Users\\Lenovo\\.gemini\\antigravity\\scratch\\inflect-compliance\\tests\\integration\\validation-routes.test.ts","startTime":1772546250053,"status":"passed","summary":""},{"assertionResults":[{"ancestorTitles":["Risk Usecases","createScopeRisk"],"duration":10,"failureDetails":[],"failureMessages":[],"fullName":"Risk Usecases createScopeRisk computes score = likelihood * impact","invocations":1,"location":null,"numPassingAsserts":2,"retryReasons":[],"status":"passed","title":"computes score = likelihood * impact"},{"ancestorTitles":["Risk Usecases","createScopeRisk"],"duration":2,"failureDetails":[],"failureMessages":[],"fullName":"Risk Usecases createScopeRisk emits RISK_CREATED event after creation","invocations":1,"location":null,"numPassingAsserts":1,"retryReasons":[],"status":"passed","title":"emits RISK_CREATED event after creation"},{"ancestorTitles":["Risk Usecases","createScopeRisk"],"duration":3,"failureDetails":[],"failureMessages":[],"fullName":"Risk Usecases createScopeRisk defaults likelihood=3 and impact=3 when not provided","invocations":1,"location":null,"numPassingAsserts":1,"retryReasons":[],"status":"passed","title":"defaults likelihood=3 and impact=3 when not provided"},{"ancestorTitles":["Risk Usecases","createScopeRisk"],"duration":2,"failureDetails":[],"failureMessages":[],"fullName":"Risk Usecases createScopeRisk sets createdByUserId from context","invocations":1,"location":null,"numPassingAsserts":1,"retryReasons":[],"status":"passed","title":"sets createdByUserId from context"},{"ancestorTitles":["Risk Usecases","createScopeRiskFromTemplate"],"duration":9,"failureDetails":[],"failureMessages":[],"fullName":"Risk Usecases createScopeRiskFromTemplate uses template defaults when no overrides provided","invocations":1,"location":null,"numPassingAsserts":1,"retryReasons":[],"status":"passed","title":"uses template defaults when no overrides provided"},{"ancestorTitles":["Risk Usecases","createScopeRiskFromTemplate"],"duration":7,"failureDetails":[],"failureMessages":[],"fullName":"Risk Usecases createScopeRiskFromTemplate allows overrides to replace template fields","invocations":1,"location":null,"numPassingAsserts":1,"retryReasons":[],"status":"passed","title":"allows overrides to replace template fields"},{"ancestorTitles":["Risk Usecases","updateScopeRisk"],"duration":4,"failureDetails":[],"failureMessages":[],"fullName":"Risk Usecases updateScopeRisk recomputes score when likelihood or impact change","invocations":1,"location":null,"numPassingAsserts":1,"retryReasons":[],"status":"passed","title":"recomputes score when likelihood or impact change"},{"ancestorTitles":["Risk Usecases","updateScopeRisk"],"duration":1,"failureDetails":[],"failureMessages":[],"fullName":"Risk Usecases updateScopeRisk emits RISK_UPDATED event","invocations":1,"location":null,"numPassingAsserts":1,"retryReasons":[],"status":"passed","title":"emits RISK_UPDATED event"},{"ancestorTitles":["Risk Usecases","setScopeRiskStatus"],"duration":1,"failureDetails":[],"failureMessages":[],"fullName":"Risk Usecases setScopeRiskStatus emits RISK_STATUS_CHANGED event with old and new status","invocations":1,"location":null,"numPassingAsserts":1,"retryReasons":[],"status":"passed","title":"emits RISK_STATUS_CHANGED event with old and new status"}],"endTime":1772546253070,"message":"","name":"C:\\Users\\Lenovo\\.gemini\\antigravity\\scratch\\inflect-compliance\\tests\\unit\\risk.usecases.test.ts","startTime":1772546252637,"status":"passed","summary":""},{"assertionResults":[{"ancestorTitles":["resolveTenantContext"],"duration":4,"failureDetails":[],"failureMessages":[],"fullName":"resolveTenantContext returns tenant context when membership exists (by slug)","invocations":1,"location":null,"numPassingAsserts":6,"retryReasons":[],"status":"passed","title":"returns tenant context when membership exists (by slug)"},{"ancestorTitles":["resolveTenantContext"],"duration":1,"failureDetails":[],"failureMessages":[],"fullName":"resolveTenantContext returns tenant context when membership exists (by tenantId)","invocations":1,"location":null,"numPassingAsserts":2,"retryReasons":[],"status":"passed","title":"returns tenant context when membership exists (by tenantId)"},{"ancestorTitles":["resolveTenantContext"],"duration":54,"failureDetails":[],"failureMessages":[],"fullName":"resolveTenantContext throws notFound when tenant does not exist","invocations":1,"location":null,"numPassingAsserts":1,"retryReasons":[],"status":"passed","title":"throws notFound when tenant does not exist"},{"ancestorTitles":["resolveTenantContext"],"duration":2,"failureDetails":[],"failureMessages":[],"fullName":"resolveTenantContext throws forbidden when user has no membership","invocations":1,"location":null,"numPassingAsserts":1,"retryReasons":[],"status":"passed","title":"throws forbidden when user has no membership"},{"ancestorTitles":["resolveTenantContext"],"duration":14,"failureDetails":[],"failureMessages":[],"fullName":"resolveTenantContext throws notFound when no identifier provided","invocations":1,"location":null,"numPassingAsserts":1,"retryReasons":[],"status":"passed","title":"throws notFound when no identifier provided"},{"ancestorTitles":["resolveTenantContext"],"duration":2,"failureDetails":[],"failureMessages":[],"fullName":"resolveTenantContext returns correct permissions for ADMIN role","invocations":1,"location":null,"numPassingAsserts":5,"retryReasons":[],"status":"passed","title":"returns correct permissions for ADMIN role"},{"ancestorTitles":["resolveTenantContext"],"duration":2,"failureDetails":[],"failureMessages":[],"fullName":"resolveTenantContext returns correct permissions for READER role","invocations":1,"location":null,"numPassingAsserts":5,"retryReasons":[],"status":"passed","title":"returns correct permissions for READER role"},{"ancestorTitles":["resolveTenantContext"],"duration":3,"failureDetails":[],"failureMessages":[],"fullName":"resolveTenantContext returns correct permissions for AUDITOR role","invocations":1,"location":null,"numPassingAsserts":5,"retryReasons":[],"status":"passed","title":"returns correct permissions for AUDITOR role"},{"ancestorTitles":["resolveScopeContext"],"duration":2,"failureDetails":[],"failureMessages":[],"fullName":"resolveScopeContext returns scope context with inherited tenant role when no scope membership","invocations":1,"location":null,"numPassingAsserts":4,"retryReasons":[],"status":"passed","title":"returns scope context with inherited tenant role when no scope membership"},{"ancestorTitles":["resolveScopeContext"],"duration":2,"failureDetails":[],"failureMessages":[],"fullName":"resolveScopeContext returns scope context with scope role override","invocations":1,"location":null,"numPassingAsserts":2,"retryReasons":[],"status":"passed","title":"returns scope context with scope role override"},{"ancestorTitles":["resolveScopeContext"],"duration":2,"failureDetails":[],"failureMessages":[],"fullName":"resolveScopeContext inherits tenant role when scope membership role is null","invocations":1,"location":null,"numPassingAsserts":1,"retryReasons":[],"status":"passed","title":"inherits tenant role when scope membership role is null"},{"ancestorTitles":["resolveScopeContext"],"duration":9,"failureDetails":[],"failureMessages":[],"fullName":"resolveScopeContext throws notFound when scope does not exist","invocations":1,"location":null,"numPassingAsserts":1,"retryReasons":[],"status":"passed","title":"throws notFound when scope does not exist"},{"ancestorTitles":["resolveScopeContext"],"duration":2,"failureDetails":[],"failureMessages":[],"fullName":"resolveScopeContext throws forbidden when user has no tenant membership","invocations":1,"location":null,"numPassingAsserts":1,"retryReasons":[],"status":"passed","title":"throws forbidden when user has no tenant membership"},{"ancestorTitles":["resolveScopeContext"],"duration":2,"failureDetails":[],"failureMessages":[],"fullName":"resolveScopeContext throws notFound when scope belongs to different tenant (by scopeId)","invocations":1,"location":null,"numPassingAsserts":1,"retryReasons":[],"status":"passed","title":"throws notFound when scope belongs to different tenant (by scopeId)"},{"ancestorTitles":["getDefaultTenantForUser"],"duration":13,"failureDetails":[],"failureMessages":[],"fullName":"getDefaultTenantForUser returns first membership by createdAt","invocations":1,"location":null,"numPassingAsserts":4,"retryReasons":[],"status":"passed","title":"returns first membership by createdAt"},{"ancestorTitles":["getDefaultTenantForUser"],"duration":1,"failureDetails":[],"failureMessages":[],"fullName":"getDefaultTenantForUser returns null when user has no memberships","invocations":1,"location":null,"numPassingAsserts":1,"retryReasons":[],"status":"passed","title":"returns null when user has no memberships"}],"endTime":1772546253178,"message":"","name":"C:\\Users\\Lenovo\\.gemini\\antigravity\\scratch\\inflect-compliance\\tests\\unit\\tenant-context.test.ts","startTime":1772546252729,"status":"passed","summary":""},{"assertionResults":[{"ancestorTitles":["Risk Policies - RBAC Matrix","assertCanReadRisk"],"duration":3,"failureDetails":[],"failureMessages":[],"fullName":"Risk Policies - RBAC Matrix assertCanReadRisk ADMIN can read risks","invocations":1,"location":null,"numPassingAsserts":1,"retryReasons":[],"status":"passed","title":"ADMIN can read risks"},{"ancestorTitles":["Risk Policies - RBAC Matrix","assertCanReadRisk"],"duration":1,"failureDetails":[],"failureMessages":[],"fullName":"Risk Policies - RBAC Matrix assertCanReadRisk EDITOR can read risks","invocations":1,"location":null,"numPassingAsserts":1,"retryReasons":[],"status":"passed","title":"EDITOR can read risks"},{"ancestorTitles":["Risk Policies - RBAC Matrix","assertCanReadRisk"],"duration":0,"failureDetails":[],"failureMessages":[],"fullName":"Risk Policies - RBAC Matrix assertCanReadRisk READER can read risks","invocations":1,"location":null,"numPassingAsserts":1,"retryReasons":[],"status":"passed","title":"READER can read risks"},{"ancestorTitles":["Risk Policies - RBAC Matrix","assertCanReadRisk"],"duration":0,"failureDetails":[],"failureMessages":[],"fullName":"Risk Policies - RBAC Matrix assertCanReadRisk AUDITOR can read risks","invocations":1,"location":null,"numPassingAsserts":1,"retryReasons":[],"status":"passed","title":"AUDITOR can read risks"},{"ancestorTitles":["Risk Policies - RBAC Matrix","assertCanCreateRisk"],"duration":1,"failureDetails":[],"failureMessages":[],"fullName":"Risk Policies - RBAC Matrix assertCanCreateRisk ADMIN can create risks","invocations":1,"location":null,"numPassingAsserts":1,"retryReasons":[],"status":"passed","title":"ADMIN can create risks"},{"ancestorTitles":["Risk Policies - RBAC Matrix","assertCanCreateRisk"],"duration":1,"failureDetails":[],"failureMessages":[],"fullName":"Risk Policies - RBAC Matrix assertCanCreateRisk EDITOR can create risks","invocations":1,"location":null,"numPassingAsserts":1,"retryReasons":[],"status":"passed","title":"EDITOR can create risks"},{"ancestorTitles":["Risk Policies - RBAC Matrix","assertCanCreateRisk"],"duration":60,"failureDetails":[],"failureMessages":[],"fullName":"Risk Policies - RBAC Matrix assertCanCreateRisk READER cannot create risks","invocations":1,"location":null,"numPassingAsserts":1,"retryReasons":[],"status":"passed","title":"READER cannot create risks"},{"ancestorTitles":["Risk Policies - RBAC Matrix","assertCanCreateRisk"],"duration":4,"failureDetails":[],"failureMessages":[],"fullName":"Risk Policies - RBAC Matrix assertCanCreateRisk AUDITOR cannot create risks","invocations":1,"location":null,"numPassingAsserts":1,"retryReasons":[],"status":"passed","title":"AUDITOR cannot create risks"},{"ancestorTitles":["Risk Policies - RBAC Matrix","assertCanUpdateRisk"],"duration":1,"failureDetails":[],"failureMessages":[],"fullName":"Risk Policies - RBAC Matrix assertCanUpdateRisk ADMIN can update risks","invocations":1,"location":null,"numPassingAsserts":1,"retryReasons":[],"status":"passed","title":"ADMIN can update risks"},{"ancestorTitles":["Risk Policies - RBAC Matrix","assertCanUpdateRisk"],"duration":0,"failureDetails":[],"failureMessages":[],"fullName":"Risk Policies - RBAC Matrix assertCanUpdateRisk EDITOR can update risks","invocations":1,"location":null,"numPassingAsserts":1,"retryReasons":[],"status":"passed","title":"EDITOR can update risks"},{"ancestorTitles":["Risk Policies - RBAC Matrix","assertCanUpdateRisk"],"duration":1,"failureDetails":[],"failureMessages":[],"fullName":"Risk Policies - RBAC Matrix assertCanUpdateRisk READER cannot update risks","invocations":1,"location":null,"numPassingAsserts":1,"retryReasons":[],"status":"passed","title":"READER cannot update risks"},{"ancestorTitles":["Risk Policies - RBAC Matrix","assertCanUpdateRisk"],"duration":2,"failureDetails":[],"failureMessages":[],"fullName":"Risk Policies - RBAC Matrix assertCanUpdateRisk AUDITOR cannot update risks","invocations":1,"location":null,"numPassingAsserts":1,"retryReasons":[],"status":"passed","title":"AUDITOR cannot update risks"},{"ancestorTitles":["Risk Policies - RBAC Matrix","assertCanSetStatus"],"duration":0,"failureDetails":[],"failureMessages":[],"fullName":"Risk Policies - RBAC Matrix assertCanSetStatus ADMIN can set status","invocations":1,"location":null,"numPassingAsserts":1,"retryReasons":[],"status":"passed","title":"ADMIN can set status"},{"ancestorTitles":["Risk Policies - RBAC Matrix","assertCanSetStatus"],"duration":0,"failureDetails":[],"failureMessages":[],"fullName":"Risk Policies - RBAC Matrix assertCanSetStatus EDITOR can set status","invocations":1,"location":null,"numPassingAsserts":1,"retryReasons":[],"status":"passed","title":"EDITOR can set status"},{"ancestorTitles":["Risk Policies - RBAC Matrix","assertCanSetStatus"],"duration":2,"failureDetails":[],"failureMessages":[],"fullName":"Risk Policies - RBAC Matrix assertCanSetStatus READER cannot set status","invocations":1,"location":null,"numPassingAsserts":1,"retryReasons":[],"status":"passed","title":"READER cannot set status"},{"ancestorTitles":["Risk Policies - RBAC Matrix","assertCanSetStatus"],"duration":2,"failureDetails":[],"failureMessages":[],"fullName":"Risk Policies - RBAC Matrix assertCanSetStatus AUDITOR cannot set status","invocations":1,"location":null,"numPassingAsserts":1,"retryReasons":[],"status":"passed","title":"AUDITOR cannot set status"},{"ancestorTitles":["Risk Policies - RBAC Matrix","assertCanMapControls"],"duration":0,"failureDetails":[],"failureMessages":[],"fullName":"Risk Policies - RBAC Matrix assertCanMapControls ADMIN can map controls","invocations":1,"location":null,"numPassingAsserts":1,"retryReasons":[],"status":"passed","title":"ADMIN can map controls"},{"ancestorTitles":["Risk Policies - RBAC Matrix","assertCanMapControls"],"duration":0,"failureDetails":[],"failureMessages":[],"fullName":"Risk Policies - RBAC Matrix assertCanMapControls EDITOR can map controls","invocations":1,"location":null,"numPassingAsserts":1,"retryReasons":[],"status":"passed","title":"EDITOR can map controls"},{"ancestorTitles":["Risk Policies - RBAC Matrix","assertCanMapControls"],"duration":2,"failureDetails":[],"failureMessages":[],"fullName":"Risk Policies - RBAC Matrix assertCanMapControls READER cannot map controls","invocations":1,"location":null,"numPassingAsserts":1,"retryReasons":[],"status":"passed","title":"READER cannot map controls"},{"ancestorTitles":["Risk Policies - RBAC Matrix","assertCanMapControls"],"duration":1,"failureDetails":[],"failureMessages":[],"fullName":"Risk Policies - RBAC Matrix assertCanMapControls AUDITOR cannot map controls","invocations":1,"location":null,"numPassingAsserts":1,"retryReasons":[],"status":"passed","title":"AUDITOR cannot map controls"}],"endTime":1772546253230,"message":"","name":"C:\\Users\\Lenovo\\.gemini\\antigravity\\scratch\\inflect-compliance\\tests\\unit\\risk.policies.test.ts","startTime":1772546252842,"status":"passed","summary":""},{"assertionResults":[{"ancestorTitles":["Validation Wrappers","withValidatedBody"],"duration":22,"failureDetails":[],"failureMessages":[],"fullName":"Validation Wrappers withValidatedBody validates and parses correct JSON body","invocations":1,"location":null,"numPassingAsserts":4,"retryReasons":[],"status":"passed","title":"validates and parses correct JSON body"},{"ancestorTitles":["Validation Wrappers","withValidatedBody"],"duration":7,"failureDetails":[],"failureMessages":[],"fullName":"Validation Wrappers withValidatedBody returns 400 on invalid body format","invocations":1,"location":null,"numPassingAsserts":3,"retryReasons":[],"status":"passed","title":"returns 400 on invalid body format"},{"ancestorTitles":["Validation Wrappers","withValidatedBody"],"duration":16,"failureDetails":[],"failureMessages":[],"fullName":"Validation Wrappers withValidatedBody returns 400 with format errors when schema validation fails","invocations":1,"location":null,"numPassingAsserts":5,"retryReasons":[],"status":"passed","title":"returns 400 with format errors when schema validation fails"},{"ancestorTitles":["Validation Wrappers","withValidatedForm"],"duration":4,"failureDetails":[],"failureMessages":[],"fullName":"Validation Wrappers withValidatedForm validates and parses correct FormData","invocations":1,"location":null,"numPassingAsserts":2,"retryReasons":[],"status":"passed","title":"validates and parses correct FormData"},{"ancestorTitles":["Validation Wrappers","withValidatedForm"],"duration":4,"failureDetails":[],"failureMessages":[],"fullName":"Validation Wrappers withValidatedForm returns 400 when missing required form fields","invocations":1,"location":null,"numPassingAsserts":2,"retryReasons":[],"status":"passed","title":"returns 400 when missing required form fields"},{"ancestorTitles":["Validation Wrappers","withValidatedQuery"],"duration":3,"failureDetails":[],"failureMessages":[],"fullName":"Validation Wrappers withValidatedQuery validates and parses search params","invocations":1,"location":null,"numPassingAsserts":2,"retryReasons":[],"status":"passed","title":"validates and parses search params"},{"ancestorTitles":["Validation Wrappers","withValidatedQuery"],"duration":4,"failureDetails":[],"failureMessages":[],"fullName":"Validation Wrappers withValidatedQuery uses defaults from schema","invocations":1,"location":null,"numPassingAsserts":2,"retryReasons":[],"status":"passed","title":"uses defaults from schema"}],"endTime":1772546253250,"message":"","name":"C:\\Users\\Lenovo\\.gemini\\antigravity\\scratch\\inflect-compliance\\tests\\unit\\validation.test.ts","startTime":1772546252878,"status":"passed","summary":""},{"assertionResults":[{"ancestorTitles":["isTokenExpired"],"duration":3,"failureDetails":[],"failureMessages":[],"fullName":"isTokenExpired returns true when token is expired","invocations":1,"location":null,"numPassingAsserts":1,"retryReasons":[],"status":"passed","title":"returns true when token is expired"},{"ancestorTitles":["isTokenExpired"],"duration":1,"failureDetails":[],"failureMessages":[],"fullName":"isTokenExpired returns true when token expires within skew window (60s)","invocations":1,"location":null,"numPassingAsserts":1,"retryReasons":[],"status":"passed","title":"returns true when token expires within skew window (60s)"},{"ancestorTitles":["isTokenExpired"],"duration":0,"failureDetails":[],"failureMessages":[],"fullName":"isTokenExpired returns false when token has time remaining beyond skew","invocations":1,"location":null,"numPassingAsserts":1,"retryReasons":[],"status":"passed","title":"returns false when token has time remaining beyond skew"},{"ancestorTitles":["refreshGoogleToken"],"duration":17,"failureDetails":[],"failureMessages":[],"fullName":"refreshGoogleToken successfully refreshes a Google token","invocations":1,"location":null,"numPassingAsserts":4,"retryReasons":[],"status":"passed","title":"successfully refreshes a Google token"},{"ancestorTitles":["refreshGoogleToken"],"duration":3,"failureDetails":[],"failureMessages":[],"fullName":"refreshGoogleToken handles refresh token rotation (new refresh_token returned)","invocations":1,"location":null,"numPassingAsserts":2,"retryReasons":[],"status":"passed","title":"handles refresh token rotation (new refresh_token returned)"},{"ancestorTitles":["refreshGoogleToken"],"duration":28,"failureDetails":[],"failureMessages":[],"fullName":"refreshGoogleToken throws on refresh failure","invocations":1,"location":null,"numPassingAsserts":1,"retryReasons":[],"status":"passed","title":"throws on refresh failure"},{"ancestorTitles":["refreshMicrosoftToken"],"duration":3,"failureDetails":[],"failureMessages":[],"fullName":"refreshMicrosoftToken successfully refreshes a Microsoft token","invocations":1,"location":null,"numPassingAsserts":3,"retryReasons":[],"status":"passed","title":"successfully refreshes a Microsoft token"},{"ancestorTitles":["refreshMicrosoftToken"],"duration":2,"failureDetails":[],"failureMessages":[],"fullName":"refreshMicrosoftToken handles refresh token rotation for Microsoft","invocations":1,"location":null,"numPassingAsserts":1,"retryReasons":[],"status":"passed","title":"handles refresh token rotation for Microsoft"},{"ancestorTitles":["refreshMicrosoftToken"],"duration":4,"failureDetails":[],"failureMessages":[],"fullName":"refreshMicrosoftToken throws on Microsoft refresh failure","invocations":1,"location":null,"numPassingAsserts":1,"retryReasons":[],"status":"passed","title":"throws on Microsoft refresh failure"},{"ancestorTitles":["refreshAccessToken"],"duration":2,"failureDetails":[],"failureMessages":[],"fullName":"refreshAccessToken routes to Google refresh for google provider","invocations":1,"location":null,"numPassingAsserts":1,"retryReasons":[],"status":"passed","title":"routes to Google refresh for google provider"},{"ancestorTitles":["refreshAccessToken"],"duration":3,"failureDetails":[],"failureMessages":[],"fullName":"refreshAccessToken routes to Microsoft refresh for microsoft-entra-id provider","invocations":1,"location":null,"numPassingAsserts":1,"retryReasons":[],"status":"passed","title":"routes to Microsoft refresh for microsoft-entra-id provider"},{"ancestorTitles":["refreshAccessToken"],"duration":5,"failureDetails":[],"failureMessages":[],"fullName":"refreshAccessToken throws for unsupported provider","invocations":1,"location":null,"numPassingAsserts":1,"retryReasons":[],"status":"passed","title":"throws for unsupported provider"}],"endTime":1772546253395,"message":"","name":"C:\\Users\\Lenovo\\.gemini\\antigravity\\scratch\\inflect-compliance\\tests\\unit\\refresh.test.ts","startTime":1772546253095,"status":"passed","summary":""},{"assertionResults":[{"ancestorTitles":["API Error Handling Integration (withApiErrorHandling)"],"duration":45,"failureDetails":[],"failureMessages":[],"fullName":"API Error Handling Integration (withApiErrorHandling) returns successful responses without mutation","invocations":1,"location":null,"numPassingAsserts":4,"retryReasons":[],"status":"passed","title":"returns successful responses without mutation"},{"ancestorTitles":["API Error Handling Integration (withApiErrorHandling)"],"duration":7,"failureDetails":[],"failureMessages":[],"fullName":"API Error Handling Integration (withApiErrorHandling) catches and maps ZodErrors to 400 VALIDATION_ERROR shapes","invocations":1,"location":null,"numPassingAsserts":6,"retryReasons":[],"status":"passed","title":"catches and maps ZodErrors to 400 VALIDATION_ERROR shapes"},{"ancestorTitles":["API Error Handling Integration (withApiErrorHandling)"],"duration":2,"failureDetails":[],"failureMessages":[],"fullName":"API Error Handling Integration (withApiErrorHandling) catches and maps AppErrors safely (e.g. 401 UNAUTHORIZED)","invocations":1,"location":null,"numPassingAsserts":3,"retryReasons":[],"status":"passed","title":"catches and maps AppErrors safely (e.g. 401 UNAUTHORIZED)"},{"ancestorTitles":["API Error Handling Integration (withApiErrorHandling)"],"duration":3,"failureDetails":[],"failureMessages":[],"fullName":"API Error Handling Integration (withApiErrorHandling) identifies Prisma P2002 failures and maps them to 409 CONFLICT safely","invocations":1,"location":null,"numPassingAsserts":3,"retryReasons":[],"status":"passed","title":"identifies Prisma P2002 failures and maps them to 409 CONFLICT safely"},{"ancestorTitles":["API Error Handling Integration (withApiErrorHandling)"],"duration":3,"failureDetails":[],"failureMessages":[],"fullName":"API Error Handling Integration (withApiErrorHandling) catches fatal unhandled throws and standardizes as 500 INTERNAL without leaking traces","invocations":1,"location":null,"numPassingAsserts":5,"retryReasons":[],"status":"passed","title":"catches fatal unhandled throws and standardizes as 500 INTERNAL without leaking traces"}],"endTime":1772546253495,"message":"","name":"C:\\Users\\Lenovo\\.gemini\\antigravity\\scratch\\inflect-compliance\\tests\\integration\\api-errors.test.ts","startTime":1772546253213,"status":"passed","summary":""},{"assertionResults":[{"ancestorTitles":["isPublicPath"],"duration":2,"failureDetails":[],"failureMessages":[],"fullName":"isPublicPath \"/login\" → true (public)","invocations":1,"location":null,"numPassingAsserts":1,"retryReasons":[],"status":"passed","title":"\"/login\" → true (public)"},{"ancestorTitles":["isPublicPath"],"duration":1,"failureDetails":[],"failureMessages":[],"fullName":"isPublicPath \"/login?next=/dashboard\" → true (public)","invocations":1,"location":null,"numPassingAsserts":1,"retryReasons":[],"status":"passed","title":"\"/login?next=/dashboard\" → true (public)"},{"ancestorTitles":["isPublicPath"],"duration":0,"failureDetails":[],"failureMessages":[],"fullName":"isPublicPath \"/register\" → true (public)","invocations":1,"location":null,"numPassingAsserts":1,"retryReasons":[],"status":"passed","title":"\"/register\" → true (public)"},{"ancestorTitles":["isPublicPath"],"duration":0,"failureDetails":[],"failureMessages":[],"fullName":"isPublicPath \"/api/auth/session\" → true (public)","invocations":1,"location":null,"numPassingAsserts":1,"retryReasons":[],"status":"passed","title":"\"/api/auth/session\" → true (public)"},{"ancestorTitles":["isPublicPath"],"duration":1,"failureDetails":[],"failureMessages":[],"fullName":"isPublicPath \"/api/auth/csrf\" → true (public)","invocations":1,"location":null,"numPassingAsserts":1,"retryReasons":[],"status":"passed","title":"\"/api/auth/csrf\" → true (public)"},{"ancestorTitles":["isPublicPath"],"duration":0,"failureDetails":[],"failureMessages":[],"fullName":"isPublicPath \"/api/auth/callback/google\" → true (public)","invocations":1,"location":null,"numPassingAsserts":1,"retryReasons":[],"status":"passed","title":"\"/api/auth/callback/google\" → true (public)"},{"ancestorTitles":["isPublicPath"],"duration":1,"failureDetails":[],"failureMessages":[],"fullName":"isPublicPath \"/api/auth/signin\" → true (public)","invocations":1,"location":null,"numPassingAsserts":1,"retryReasons":[],"status":"passed","title":"\"/api/auth/signin\" → true (public)"},{"ancestorTitles":["isPublicPath"],"duration":1,"failureDetails":[],"failureMessages":[],"fullName":"isPublicPath \"/_next/static/chunk.js\" → true (public)","invocations":1,"location":null,"numPassingAsserts":1,"retryReasons":[],"status":"passed","title":"\"/_next/static/chunk.js\" → true (public)"},{"ancestorTitles":["isPublicPath"],"duration":1,"failureDetails":[],"failureMessages":[],"fullName":"isPublicPath \"/_next/image?url=...\" → true (public)","invocations":1,"location":null,"numPassingAsserts":1,"retryReasons":[],"status":"passed","title":"\"/_next/image?url=...\" → true (public)"},{"ancestorTitles":["isPublicPath"],"duration":0,"failureDetails":[],"failureMessages":[],"fullName":"isPublicPath \"/favicon.ico\" → true (public)","invocations":1,"location":null,"numPassingAsserts":1,"retryReasons":[],"status":"passed","title":"\"/favicon.ico\" → true (public)"},{"ancestorTitles":["isPublicPath"],"duration":1,"failureDetails":[],"failureMessages":[],"fullName":"isPublicPath \"/robots.txt\" → true (public)","invocations":1,"location":null,"numPassingAsserts":1,"retryReasons":[],"status":"passed","title":"\"/robots.txt\" → true (public)"},{"ancestorTitles":["isPublicPath"],"duration":0,"failureDetails":[],"failureMessages":[],"fullName":"isPublicPath \"/sitemap.xml\" → true (public)","invocations":1,"location":null,"numPassingAsserts":1,"retryReasons":[],"status":"passed","title":"\"/sitemap.xml\" → true (public)"},{"ancestorTitles":["isPublicPath"],"duration":1,"failureDetails":[],"failureMessages":[],"fullName":"isPublicPath \"/logo.png\" → true (public)","invocations":1,"location":null,"numPassingAsserts":1,"retryReasons":[],"status":"passed","title":"\"/logo.png\" → true (public)"},{"ancestorTitles":["isPublicPath"],"duration":2,"failureDetails":[],"failureMessages":[],"fullName":"isPublicPath \"/fonts/inter.woff2\" → true (public)","invocations":1,"location":null,"numPassingAsserts":1,"retryReasons":[],"status":"passed","title":"\"/fonts/inter.woff2\" → true (public)"},{"ancestorTitles":["isPublicPath"],"duration":1,"failureDetails":[],"failureMessages":[],"fullName":"isPublicPath \"/icon.svg\" → true (public)","invocations":1,"location":null,"numPassingAsserts":1,"retryReasons":[],"status":"passed","title":"\"/icon.svg\" → true (public)"},{"ancestorTitles":["isPublicPath"],"duration":1,"failureDetails":[],"failureMessages":[],"fullName":"isPublicPath \"/dashboard\" → false (protected)","invocations":1,"location":null,"numPassingAsserts":1,"retryReasons":[],"status":"passed","title":"\"/dashboard\" → false (protected)"},{"ancestorTitles":["isPublicPath"],"duration":1,"failureDetails":[],"failureMessages":[],"fullName":"isPublicPath \"/api/clauses\" → false (protected)","invocations":1,"location":null,"numPassingAsserts":1,"retryReasons":[],"status":"passed","title":"\"/api/clauses\" → false (protected)"},{"ancestorTitles":["isPublicPath"],"duration":0,"failureDetails":[],"failureMessages":[],"fullName":"isPublicPath \"/api/assets\" → false (protected)","invocations":1,"location":null,"numPassingAsserts":1,"retryReasons":[],"status":"passed","title":"\"/api/assets\" → false (protected)"},{"ancestorTitles":["isPublicPath"],"duration":0,"failureDetails":[],"failureMessages":[],"fullName":"isPublicPath \"/admin\" → false (protected)","invocations":1,"location":null,"numPassingAsserts":1,"retryReasons":[],"status":"passed","title":"\"/admin\" → false (protected)"},{"ancestorTitles":["isPublicPath"],"duration":1,"failureDetails":[],"failureMessages":[],"fullName":"isPublicPath \"/admin/users\" → false (protected)","invocations":1,"location":null,"numPassingAsserts":1,"retryReasons":[],"status":"passed","title":"\"/admin/users\" → false (protected)"},{"ancestorTitles":["isPublicPath"],"duration":0,"failureDetails":[],"failureMessages":[],"fullName":"isPublicPath \"/settings\" → false (protected)","invocations":1,"location":null,"numPassingAsserts":1,"retryReasons":[],"status":"passed","title":"\"/settings\" → false (protected)"},{"ancestorTitles":["isPublicPath"],"duration":1,"failureDetails":[],"failureMessages":[],"fullName":"isPublicPath \"/\" → false (protected)","invocations":1,"location":null,"numPassingAsserts":1,"retryReasons":[],"status":"passed","title":"\"/\" → false (protected)"},{"ancestorTitles":["isPublicPath"],"duration":0,"failureDetails":[],"failureMessages":[],"fullName":"isPublicPath \"/t/acme/dashboard\" → false (protected)","invocations":1,"location":null,"numPassingAsserts":1,"retryReasons":[],"status":"passed","title":"\"/t/acme/dashboard\" → false (protected)"},{"ancestorTitles":["isPublicPath"],"duration":1,"failureDetails":[],"failureMessages":[],"fullName":"isPublicPath \"/api/t/acme/risks\" → false (protected)","invocations":1,"location":null,"numPassingAsserts":1,"retryReasons":[],"status":"passed","title":"\"/api/t/acme/risks\" → false (protected)"},{"ancestorTitles":["isApiRoute"],"duration":1,"failureDetails":[],"failureMessages":[],"fullName":"isApiRoute recognizes API routes","invocations":1,"location":null,"numPassingAsserts":3,"retryReasons":[],"status":"passed","title":"recognizes API routes"},{"ancestorTitles":["isApiRoute"],"duration":1,"failureDetails":[],"failureMessages":[],"fullName":"isApiRoute rejects non-API routes","invocations":1,"location":null,"numPassingAsserts":3,"retryReasons":[],"status":"passed","title":"rejects non-API routes"},{"ancestorTitles":["isAdminPath"],"duration":1,"failureDetails":[],"failureMessages":[],"fullName":"isAdminPath recognizes flat admin paths","invocations":1,"location":null,"numPassingAsserts":3,"retryReasons":[],"status":"passed","title":"recognizes flat admin paths"},{"ancestorTitles":["isAdminPath"],"duration":1,"failureDetails":[],"failureMessages":[],"fullName":"isAdminPath recognizes tenant-scoped admin paths","invocations":1,"location":null,"numPassingAsserts":3,"retryReasons":[],"status":"passed","title":"recognizes tenant-scoped admin paths"},{"ancestorTitles":["isAdminPath"],"duration":1,"failureDetails":[],"failureMessages":[],"fullName":"isAdminPath rejects non-admin paths","invocations":1,"location":null,"numPassingAsserts":4,"retryReasons":[],"status":"passed","title":"rejects non-admin paths"},{"ancestorTitles":["isTenantPath"],"duration":1,"failureDetails":[],"failureMessages":[],"fullName":"isTenantPath recognizes tenant-scoped paths","invocations":1,"location":null,"numPassingAsserts":5,"retryReasons":[],"status":"passed","title":"recognizes tenant-scoped paths"},{"ancestorTitles":["isTenantPath"],"duration":2,"failureDetails":[],"failureMessages":[],"fullName":"isTenantPath rejects non-tenant paths","invocations":1,"location":null,"numPassingAsserts":4,"retryReasons":[],"status":"passed","title":"rejects non-tenant paths"},{"ancestorTitles":["sanitizeRedirectPath"],"duration":2,"failureDetails":[],"failureMessages":[],"fullName":"sanitizeRedirectPath allows safe relative paths","invocations":1,"location":null,"numPassingAsserts":3,"retryReasons":[],"status":"passed","title":"allows safe relative paths"},{"ancestorTitles":["sanitizeRedirectPath"],"duration":1,"failureDetails":[],"failureMessages":[],"fullName":"sanitizeRedirectPath returns \"/\" for null/undefined/empty","invocations":1,"location":null,"numPassingAsserts":3,"retryReasons":[],"status":"passed","title":"returns \"/\" for null/undefined/empty"},{"ancestorTitles":["sanitizeRedirectPath"],"duration":2,"failureDetails":[],"failureMessages":[],"fullName":"sanitizeRedirectPath blocks absolute URLs (open redirect prevention)","invocations":1,"location":null,"numPassingAsserts":4,"retryReasons":[],"status":"passed","title":"blocks absolute URLs (open redirect prevention)"},{"ancestorTitles":["sanitizeRedirectPath"],"duration":1,"failureDetails":[],"failureMessages":[],"fullName":"sanitizeRedirectPath blocks protocol-relative URLs","invocations":1,"location":null,"numPassingAsserts":2,"retryReasons":[],"status":"passed","title":"blocks protocol-relative URLs"},{"ancestorTitles":["sanitizeRedirectPath"],"duration":1,"failureDetails":[],"failureMessages":[],"fullName":"sanitizeRedirectPath blocks backslash URLs","invocations":1,"location":null,"numPassingAsserts":1,"retryReasons":[],"status":"passed","title":"blocks backslash URLs"},{"ancestorTitles":["sanitizeRedirectPath"],"duration":1,"failureDetails":[],"failureMessages":[],"fullName":"sanitizeRedirectPath rejects paths not starting with /","invocations":1,"location":null,"numPassingAsserts":2,"retryReasons":[],"status":"passed","title":"rejects paths not starting with /"},{"ancestorTitles":["sanitizeRedirectPath"],"duration":1,"failureDetails":[],"failureMessages":[],"fullName":"sanitizeRedirectPath handles URL-encoded input","invocations":1,"location":null,"numPassingAsserts":2,"retryReasons":[],"status":"passed","title":"handles URL-encoded input"},{"ancestorTitles":["sanitizeRedirectPath"],"duration":0,"failureDetails":[],"failureMessages":[],"fullName":"sanitizeRedirectPath handles double-encoded input safely","invocations":1,"location":null,"numPassingAsserts":1,"retryReasons":[],"status":"passed","title":"handles double-encoded input safely"},{"ancestorTitles":["buildLoginRedirect"],"duration":1,"failureDetails":[],"failureMessages":[],"fullName":"buildLoginRedirect builds login URL with next param","invocations":1,"location":null,"numPassingAsserts":2,"retryReasons":[],"status":"passed","title":"builds login URL with next param"},{"ancestorTitles":["buildLoginRedirect"],"duration":1,"failureDetails":[],"failureMessages":[],"fullName":"buildLoginRedirect omits next param when path is /","invocations":1,"location":null,"numPassingAsserts":2,"retryReasons":[],"status":"passed","title":"omits next param when path is /"},{"ancestorTitles":["buildLoginRedirect"],"duration":1,"failureDetails":[],"failureMessages":[],"fullName":"buildLoginRedirect sanitizes malicious next param","invocations":1,"location":null,"numPassingAsserts":2,"retryReasons":[],"status":"passed","title":"sanitizes malicious next param"}],"endTime":1772546253565,"message":"","name":"C:\\Users\\Lenovo\\.gemini\\antigravity\\scratch\\inflect-compliance\\tests\\unit\\guard.test.ts","startTime":1772546253272,"status":"passed","summary":""},{"assertionResults":[{"ancestorTitles":["RBAC Helpers (Chunk 1)","hasMinRole"],"duration":2,"failureDetails":[],"failureMessages":[],"fullName":"RBAC Helpers (Chunk 1) hasMinRole ADMIN >= all roles","invocations":1,"location":null,"numPassingAsserts":4,"retryReasons":[],"status":"passed","title":"ADMIN >= all roles"},{"ancestorTitles":["RBAC Helpers (Chunk 1)","hasMinRole"],"duration":1,"failureDetails":[],"failureMessages":[],"fullName":"RBAC Helpers (Chunk 1) hasMinRole EDITOR >= EDITOR, READER, AUDITOR but not ADMIN","invocations":1,"location":null,"numPassingAsserts":4,"retryReasons":[],"status":"passed","title":"EDITOR >= EDITOR, READER, AUDITOR but not ADMIN"},{"ancestorTitles":["RBAC Helpers (Chunk 1)","hasMinRole"],"duration":2,"failureDetails":[],"failureMessages":[],"fullName":"RBAC Helpers (Chunk 1) hasMinRole AUDITOR >= AUDITOR, READER but not EDITOR or ADMIN","invocations":1,"location":null,"numPassingAsserts":4,"retryReasons":[],"status":"passed","title":"AUDITOR >= AUDITOR, READER but not EDITOR or ADMIN"},{"ancestorTitles":["RBAC Helpers (Chunk 1)","hasMinRole"],"duration":3,"failureDetails":[],"failureMessages":[],"fullName":"RBAC Helpers (Chunk 1) hasMinRole READER >= READER only","invocations":1,"location":null,"numPassingAsserts":4,"retryReasons":[],"status":"passed","title":"READER >= READER only"},{"ancestorTitles":["RBAC Helpers (Chunk 1)","canRead"],"duration":1,"failureDetails":[],"failureMessages":[],"fullName":"RBAC Helpers (Chunk 1) canRead all roles can read","invocations":1,"location":null,"numPassingAsserts":4,"retryReasons":[],"status":"passed","title":"all roles can read"},{"ancestorTitles":["RBAC Helpers (Chunk 1)","canWrite"],"duration":1,"failureDetails":[],"failureMessages":[],"fullName":"RBAC Helpers (Chunk 1) canWrite ADMIN and EDITOR can write","invocations":1,"location":null,"numPassingAsserts":2,"retryReasons":[],"status":"passed","title":"ADMIN and EDITOR can write"},{"ancestorTitles":["RBAC Helpers (Chunk 1)","canWrite"],"duration":1,"failureDetails":[],"failureMessages":[],"fullName":"RBAC Helpers (Chunk 1) canWrite READER and AUDITOR cannot write","invocations":1,"location":null,"numPassingAsserts":2,"retryReasons":[],"status":"passed","title":"READER and AUDITOR cannot write"},{"ancestorTitles":["RBAC Helpers (Chunk 1)","canAdmin"],"duration":1,"failureDetails":[],"failureMessages":[],"fullName":"RBAC Helpers (Chunk 1) canAdmin only ADMIN can admin","invocations":1,"location":null,"numPassingAsserts":4,"retryReasons":[],"status":"passed","title":"only ADMIN can admin"},{"ancestorTitles":["RBAC Helpers (Chunk 1)","canAudit"],"duration":0,"failureDetails":[],"failureMessages":[],"fullName":"RBAC Helpers (Chunk 1) canAudit ADMIN and AUDITOR can audit","invocations":1,"location":null,"numPassingAsserts":2,"retryReasons":[],"status":"passed","title":"ADMIN and AUDITOR can audit"},{"ancestorTitles":["RBAC Helpers (Chunk 1)","canAudit"],"duration":1,"failureDetails":[],"failureMessages":[],"fullName":"RBAC Helpers (Chunk 1) canAudit EDITOR and READER cannot audit","invocations":1,"location":null,"numPassingAsserts":2,"retryReasons":[],"status":"passed","title":"EDITOR and READER cannot audit"},{"ancestorTitles":["RBAC Helpers (Chunk 1)","canExport"],"duration":1,"failureDetails":[],"failureMessages":[],"fullName":"RBAC Helpers (Chunk 1) canExport ADMIN, EDITOR, AUDITOR can export","invocations":1,"location":null,"numPassingAsserts":3,"retryReasons":[],"status":"passed","title":"ADMIN, EDITOR, AUDITOR can export"},{"ancestorTitles":["RBAC Helpers (Chunk 1)","canExport"],"duration":1,"failureDetails":[],"failureMessages":[],"fullName":"RBAC Helpers (Chunk 1) canExport READER cannot export","invocations":1,"location":null,"numPassingAsserts":1,"retryReasons":[],"status":"passed","title":"READER cannot export"},{"ancestorTitles":["RBAC Helpers (Chunk 1)","canEdit (backward compat alias)"],"duration":1,"failureDetails":[],"failureMessages":[],"fullName":"RBAC Helpers (Chunk 1) canEdit (backward compat alias) delegates to canWrite","invocations":1,"location":null,"numPassingAsserts":4,"retryReasons":[],"status":"passed","title":"delegates to canWrite"},{"ancestorTitles":["RBAC Helpers (Chunk 1)","requireRole"],"duration":3,"failureDetails":[],"failureMessages":[],"fullName":"RBAC Helpers (Chunk 1) requireRole does not throw when role is sufficient","invocations":1,"location":null,"numPassingAsserts":4,"retryReasons":[],"status":"passed","title":"does not throw when role is sufficient"},{"ancestorTitles":["RBAC Helpers (Chunk 1)","requireRole"],"duration":88,"failureDetails":[],"failureMessages":[],"fullName":"RBAC Helpers (Chunk 1) requireRole throws forbidden when role 
[...]
sed","summary":""},{"assertionResults":[{"ancestorTitles":["CORS Middleware Logic"],"duration":5,"failureDetails":[],"failureMessages":[],"fullName":"CORS Middleware Logic should return CORS preflight headers for allowed origins on OPTIONS request","invocations":1,"location":null,"numPassingAsserts":4,"retryReasons":[],"status":"passed","title":"should return CORS preflight headers for allowed origins on OPTIONS request"},{"ancestorTitles":["CORS Middleware Logic"],"duration":3,"failureDetails":[],"failureMessages":[],"fullName":"CORS Middleware Logic should return default CORS preflight without specific Origin if disallowed","invocations":1,"location":null,"numPassingAsserts":2,"retryReasons":[],"status":"passed","title":"should return default CORS preflight without specific Origin if disallowed"},{"ancestorTitles":["CORS Middleware Logic"],"duration":3,"failureDetails":[],"failureMessages":[],"fullName":"CORS Middleware Logic should correctly handle localhost dynamically without env var in Dev","invocations":1,"location":null,"numPassingAsserts":2,"retryReasons":[],"status":"passed","title":"should correctly handle localhost dynamically without env var in Dev"},{"ancestorTitles":["CORS Middleware Logic"],"duration":5,"failureDetails":[],"failureMessages":[],"fullName":"CORS Middleware Logic should append Vary and Allow-Origin to normal API GET requests from allowed origin","invocations":1,"location":null,"numPassingAsserts":3,"retryReasons":[],"status":"passed","title":"should append Vary and Allow-Origin to normal API GET requests from allowed origin"},{"ancestorTitles":["CORS Middleware Logic"],"duration":3,"failureDetails":[],"failureMessages":[],"fullName":"CORS Middleware Logic should NOT append Allow-Origin to normal API GET responses for disallowed origin","invocations":1,"location":null,"numPassingAsserts":1,"retryReasons":[],"status":"passed","title":"should NOT append Allow-Origin to normal API GET responses for disallowed origin"}],"endTime":1772546253825,"message":"","name":"C:\\Users\\Lenovo\\.gemini\\antigravity\\scratch\\inflect-compliance\\tests\\unit\\cors.test.ts","startTime":1772546253583,"status":"passed","summary":""},{"assertionResults":[{"ancestorTitles":["Security Headers (next.config.js)"],"duration":7,"failureDetails":[],"failureMessages":[],"fullName":"Security Headers (next.config.js) should expose the headers() function generating security headers","invocations":1,"location":null,"numPassingAsserts":12,"retryReasons":[],"status":"passed","title":"should expose the headers() function generating security headers"}],"endTime":1772546253837,"message":"","name":"C:\\Users\\Lenovo\\.gemini\\antigravity\\scratch\\inflect-compliance\\tests\\unit\\security-headers.test.ts","startTime":1772546253546,"status":"passed","summary":""},{"assertionResults":[{"ancestorTitles":["Application Layer Policies","assertCanRead"],"duration":4,"failureDetails":[],"failureMessages":[],"fullName":"Application Layer Policies assertCanRead allows if canRead is true","invocations":1,"location":null,"numPassingAsserts":1,"retryReasons":[],"status":"passed","title":"allows if canRead is true"},{"ancestorTitles":["Application Layer Policies","assertCanRead"],"duration":36,"failureDetails":[],"failureMessages":[],"fullName":"Application Layer Policies assertCanRead denies if canRead is false","invocations":1,"location":null,"numPassingAsserts":1,"retryReasons":[],"status":"passed","title":"denies if canRead is false"},{"ancestorTitles":["Application Layer Policies","assertCanWrite"],"duration":1,"failureDetails":[],"failureMessages":[],"fullName":"Application Layer Policies assertCanWrite allows if canWrite is true","invocations":1,"location":null,"numPassingAsserts":1,"retryReasons":[],"status":"passed","title":"allows if canWrite is true"},{"ancestorTitles":["Application Layer Policies","assertCanWrite"],"duration":3,"failureDetails":[],"failureMessages":[],"fullName":"Application Layer Policies assertCanWrite denies if canWrite is false","invocations":1,"location":null,"numPassingAsserts":1,"retryReasons":[],"status":"passed","title":"denies if canWrite is false"},{"ancestorTitles":["Application Layer Policies","assertCanAdmin"],"duration":18,"failureDetails":[],"failureMessages":[],"fullName":"Application Layer Policies assertCanAdmin allows if canAdmin is true","invocations":1,"location":null,"numPassingAsserts":1,"retryReasons":[],"status":"passed","title":"allows if canAdmin is true"},{"ancestorTitles":["Application Layer Policies","assertCanAdmin"],"duration":8,"failureDetails":[],"failureMessages":[],"fullName":"Application Layer Policies assertCanAdmin denies if canAdmin is false","invocations":1,"location":null,"numPassingAsserts":1,"retryReasons":[],"status":"passed","title":"denies if canAdmin is false"},{"ancestorTitles":["Application Layer Policies","assertCanAudit"],"duration":1,"failureDetails":[],"failureMessages":[],"fullName":"Application Layer Policies assertCanAudit allows if canAudit is true","invocations":1,"location":null,"numPassingAsserts":1,"retryReasons":[],"status":"passed","title":"allows if canAudit is true"},{"ancestorTitles":["Application Layer Policies","assertCanAudit"],"duration":1,"failureDetails":[],"failureMessages":[],"fullName":"Application Layer Policies assertCanAudit denies if canAudit is false","invocations":1,"location":null,"numPassingAsserts":1,"retryReasons":[],"status":"passed","title":"denies if canAudit is false"}],"endTime":1772546253870,"message":"","name":"C:\\Users\\Lenovo\\.gemini\\antigravity\\scratch\\inflect-compliance\\tests\\unit\\policies.test.ts","startTime":1772546253631,"status":"passed","summary":""},{"assertionResults":[{"ancestorTitles":["Structural: No direct Prisma calls in tenant-scoped API route handlers"],"duration":52,"failureDetails":[],"failureMessages":[],"fullName":"Structural: No direct Prisma calls in tenant-scoped API route handlers no route.ts files under /api/t/ contain \"prisma.\" calls","invocations":1,"location":null,"numPassingAsserts":1,"retryReasons":[],"status":"passed","title":"no route.ts files under /api/t/ contain \"prisma.\" calls"}],"endTime":1772546253989,"message":"","name":"C:\\Users\\Lenovo\\.gemini\\antigravity\\scratch\\inflect-compliance\\tests\\unit\\no-prisma-in-routes.test.ts","startTime":1772546253731,"status":"passed","summary":""},{"assertionResults":[{"ancestorTitles":["Error Types & Utilities","toApiErrorResponse"],"duration":3,"failureDetails":[],"failureMessages":[],"fullName":"Error Types & Utilities toApiErrorResponse transforms AppErrors correctly into ApiErrorResponse","invocations":1,"location":null,"numPassingAsserts":5,"retryReasons":[],"status":"passed","title":"transforms AppErrors correctly into ApiErrorResponse"},{"ancestorTitles":["Error Types & Utilities","toApiErrorResponse"],"duration":2,"failureDetails":[],"failureMessages":[],"fullName":"Error Types & Utilities toApiErrorResponse hides messages for un-exposed internal AppErrors","invocations":1,"location":null,"numPassingAsserts":4,"retryReasons":[],"status":"passed","title":"hides messages for un-exposed internal AppErrors"},{"ancestorTitles":["Error Types & Utilities","toApiErrorResponse"],"duration":2,"failureDetails":[],"failureMessages":[],"fullName":"Error Types & Utilities toApiErrorResponse structures ZodErrors correctly","invocations":1,"location":null,"numPassingAsserts":4,"retryReasons":[],"status":"passed","title":"structures ZodErrors correctly"},{"ancestorTitles":["Error Types & Utilities","toApiErrorResponse"],"duration":6,"failureDetails":[],"failureMessages":[],"fullName":"Error Types & Utilities toApiErrorResponse structures generic primitive errors gracefully as 500 INTERNAL","invocations":1,"location":null,"numPassingAsserts":4,"retryReasons":[],"status":"passed","title":"structures generic primitive errors gracefully as 500 INTERNAL"},{"ancestorTitles":["Error Types & Utilities","toApiErrorResponse"],"duration":2,"failureDetails":[],"failureMessages":[],"fullName":"Error Types & Utilities toApiErrorResponse maps Prisma P2002 errors to 409 CONFLICT","invocations":1,"location":null,"numPassingAsserts":3,"retryReasons":[],"status":"passed","title":"maps Prisma P2002 errors to 409 CONFLICT"}],"endTime":1772546254188,"message":"","name":"C:\\Users\\Lenovo\\.gemini\\antigravity\\scratch\\inflect-compliance\\tests\\unit\\errors.test.ts","startTime":1772546253851,"status":"passed","summary":""},{"assertionResults":[{"ancestorTitles":["Storage Security & Operations","validateFile"],"duration":7,"failureDetails":[],"failureMessages":[],"fullName":"Storage Security & Operations validateFile allows valid files","invocations":1,"location":null,"numPassingAsserts":1,"retryReasons":[],"status":"passed","title":"allows valid files"},{"ancestorTitles":["Storage Security & Operations","validateFile"],"duration":53,"failureDetails":[],"failureMessages":[],"fullName":"Storage Security & Operations validateFile throws an error if file size exceeds the limit","invocations":1,"location":null,"numPassingAsserts":1,"retryReasons":[],"status":"passed","title":"throws an error if file size exceeds the limit"},{"ancestorTitles":["Storage Security & Operations","validateFile"],"duration":7,"failureDetails":[],"failureMessages":[],"fullName":"Storage Security & Operations validateFile throws an error for unapproved mime types","invocations":1,"location":null,"numPassingAsserts":1,"retryReasons":[],"status":"passed","title":"throws an error for unapproved mime types"},{"ancestorTitles":["Storage Security & Operations","uploadFile (Path Traversal Prevention)"],"duration":5,"failureDetails":[],"failureMessages":[],"fullName":"Storage Security & Operations uploadFile (Path Traversal Prevention) secures the original filename and prevents path traversal","invocations":1,"location":null,"numPassingAsserts":5,"retryReasons":[],"status":"passed","title":"secures the original filename and prevents path traversal"},{"ancestorTitles":["Storage Security & Operations","getFile (Path Traversal Prevention)"],"duration":8,"failureDetails":[],"failureMessages":[],"fullName":"Storage Security & Operations getFile (Path Traversal Prevention) strips path components and only uses basename","invocations":1,"location":null,"numPassingAsserts":3,"retryReasons":[],"status":"passed","title":"strips path components and only uses basename"}],"endTime":1772546254276,"message":"","name":"C:\\Users\\Lenovo\\.gemini\\antigravity\\scratch\\inflect-compliance\\tests\\unit\\storage.test.ts","startTime":1772546253852,"status":"passed","summary":""},{"assertionResults":[{"ancestorTitles":["Auth Routes Integration","GET /api/auth/session"],"duration":106,"failureDetails":[],"failureMessages":[],"fullName":"Auth Routes Integration GET /api/auth/session returns a response (200 or valid JSON)","invocations":1,"location":null,"numPassingAsserts":2,"retryReasons":[],"status":"passed","title":"returns a response (200 or valid JSON)"},{"ancestorTitles":["Auth Routes Integration","GET /api/auth/session"],"duration":133,"failureDetails":[],"failureMessages":[],"fullName":"Auth Routes Integration GET /api/auth/session does NOT expose access_token in session response","invocations":1,"location":null,"numPassingAsserts":2,"retryReasons":[],"status":"passed","title":"does NOT expose access_token in session response"},{"ancestorTitles":["Auth Routes Integration","GET /api/auth/session"],"duration":328,"failureDetails":[],"failureMessages":[],"fullName":"Auth Routes Integration GET /api/auth/session does NOT expose refresh_token in session response","invocations":1,"location":null,"numPassingAsserts":2,"retryReasons":[],"status":"passed","title":"does NOT expose refresh_token in session response"},{"ancestorTitles":["Auth Routes Integration","GET /api/auth/csrf"],"duration":422,"failureDetails":[],"failureMessages":[],"fullName":"Auth Routes Integration GET /api/auth/csrf returns a CSRF token","invocations":1,"location":null,"numPassingAsserts":4,"retryReasons":[],"status":"passed","title":"returns a CSRF token"},{"ancestorTitles":["Auth Routes Integration","GET /api/auth/csrf"],"duration":781,"failureDetails":[],"failureMessages":[],"fullName":"Auth Routes Integration GET /api/auth/csrf returns different CSRF tokens for different sessions","invocations":1,"location":null,"numPassingAsserts":2,"retryReasons":[],"status":"passed","title":"returns different CSRF tokens for different sessions"},{"ancestorTitles":["Auth Routes Integration","GET /api/auth/providers"],"duration":182,"failureDetails":[],"failureMessages":[],"fullName":"Auth Routes Integration GET /api/auth/providers returns configured providers","invocations":1,"location":null,"numPassingAsserts":3,"retryReasons":[],"status":"passed","title":"returns configured providers"},{"ancestorTitles":["Auth Routes Integration","GET /api/auth/providers"],"duration":0,"failureDetails":[],"failureMessages":[],"fullName":"Auth Routes Integration GET /api/auth/providers includes credentials provider in test mode","invocations":1,"location":null,"numPassingAsserts":0,"retryReasons":[],"status":"passed","title":"includes credentials provider in test mode"},{"ancestorTitles":["Auth Routes Integration","Session security"],"duration":65,"failureDetails":[],"failureMessages":[],"fullName":"Auth Routes Integration Session security session response as object contains no token fields","invocations":1,"location":null,"numPassingAsserts":4,"retryReasons":[],"status":"passed","title":"session response as object contains no token fields"}],"endTime":1772546254459,"message":"","name":"C:\\Users\\Lenovo\\.gemini\\antigravity\\scratch\\inflect-compliance\\tests\\integration\\auth-routes.test.ts","startTime":1772546249976,"status":"passed","summary":""},{"assertionResults":[{"ancestorTitles":["Postgres RLS Tenant Isolation","Risk SELECT Isolation"],"duration":164,"failureDetails":[],"failureMessages":[],"fullName":"Postgres RLS Tenant Isolation Risk SELECT Isolation Tenant A context cannot see Tenant B risks even without WHERE filter","invocations":1,"location":null,"numPassingAsserts":2,"retryReasons":[],"status":"passed","title":"Tenant A context cannot see Tenant B risks even without WHERE filter"},{"ancestorTitles":["Postgres RLS Tenant Isolation","Risk INSERT Isolation"],"duration":237,"failureDetails":[],"failureMessages":[],"fullName":"Postgres RLS Tenant Isolation Risk INSERT Isolation Cannot insert a risk belonging to Tenant B while in Tenant A context","invocations":1,"location":null,"numPassingAsserts":1,"retryReasons":[],"status":"passed","title":"Cannot insert a risk belonging to Tenant B while in Tenant A context"},{"ancestorTitles":["Postgres RLS Tenant Isolation","Risk DELETE Isolation"],"duration":590,"failureDetails":[],"failureMessages":[],"fullName":"Postgres RLS Tenant Isolation Risk DELETE Isolation Cannot delete Tenant B risks from Tenant A context","invocations":1,"location":null,"numPassingAsserts":2,"retryReasons":[],"status":"passed","title":"Cannot delete Tenant B risks from Tenant A context"},{"ancestorTitles":["Postgres RLS Tenant Isolation","Policy SELECT Isolation"],"duration":102,"failureDetails":[],"failureMessages":[],"fullName":"Postgres RLS Tenant Isolation Policy SELECT Isolation Tenant A context only sees its own policies","invocations":1,"location":null,"numPassingAsserts":3,"retryReasons":[],"status":"passed","title":"Tenant A context only sees its own policies"},{"ancestorTitles":["Postgres RLS Tenant Isolation","Policy INSERT Isolation"],"duration":171,"failureDetails":[],"failureMessages":[],"fullName":"Postgres RLS Tenant Isolation Policy INSERT Isolation Cannot insert a policy under Tenant B while in Tenant A context","invocations":1,"location":null,"numPassingAsserts":1,"retryReasons":[],"status":"passed","title":"Cannot insert a policy under Tenant B while in Tenant A context"},{"ancestorTitles":["Postgres RLS Tenant Isolation","Evidence SELECT Isolation"],"duration":113,"failureDetails":[],"failureMessages":[],"fullName":"Postgres RLS Tenant Isolation Evidence SELECT Isolation Tenant B context only sees its own evidence","invocations":1,"location":null,"numPassingAsserts":3,"retryReasons":[],"status":"passed","title":"Tenant B context only sees its own evidence"},{"ancestorTitles":["Postgres RLS Tenant Isolation","Control with nullable tenantId"],"duration":100,"failureDetails":[],"failureMessages":[],"fullName":"Postgres RLS Tenant Isolation Control with nullable tenantId Tenant A can see both global (null tenantId) and its own controls","invocations":1,"location":null,"numPassingAsserts":2,"retryReasons":[],"status":"passed","title":"Tenant A can see both global (null tenantId) and its own controls"},{"ancestorTitles":["Postgres RLS Tenant Isolation","Control with nullable tenantId"],"duration":35,"failureDetails":[],"failureMessages":[],"fullName":"Postgres RLS Tenant Isolation Control with nullable tenantId Tenant B can see global controls but NOT Tenant A-specific controls","invocations":1,"location":null,"numPassingAsserts":2,"retryReasons":[],"status":"passed","title":"Tenant B can see global controls but NOT Tenant A-specific controls"},{"ancestorTitles":["Postgres RLS Tenant Isolation","No tenant context set"],"duration":16,"failureDetails":[],"failureMessages":[],"fullName":"Postgres RLS Tenant Isolation No tenant context set Querying without app.tenant_id returns zero rows from tenant-scoped tables","invocations":1,"location":null,"numPassingAsserts":1,"retryReasons":[],"status":"passed","title":"Querying without app.tenant_id returns zero rows from tenant-scoped tables"}],"endTime":1772546254662,"message":"","name":"C:\\Users\\Lenovo\\.gemini\\antigravity\\scratch\\inflect-compliance\\tests\\integration\\rls-isolation.test.ts","startTime":1772546249917,"status":"passed","summary":""},{"assertionResults":[{"ancestorTitles":["Environment Variable Validation"],"duration":3796,"failureDetails":[],"failureMessages":[],"fullName":"Environment Variable Validation should pass and print OK when all required vars are present","invocations":1,"location":null,"numPassingAsserts":2,"retryReasons":[],"status":"passed","title":"should pass and print OK when all required vars are present"},{"ancestorTitles":["Environment Variable Validation"],"duration":1626,"failureDetails":[],"failureMessages":[],"fullName":"Environment Variable Validation should fail when AUTH_SECRET is missing","invocations":1,"location":null,"numPassingAsserts":3,"retryReasons":[],"status":"passed","title":"should fail when AUTH_SECRET is missing"},{"ancestorTitles":["Environment Variable Validation"],"duration":1618,"failureDetails":[],"failureMessages":[],"fullName":"Environment Variable Validation should fail when AUTH_SECRET is too short","invocations":1,"location":null,"numPassingAsserts":3,"retryReasons":[],"status":"passed","title":"should fail when AUTH_SECRET is too short"},{"ancestorTitles":["Environment Variable Validation"],"duration":1978,"failureDetails":[],"failureMessages":[],"fullName":"Environment Variable Validation should fail when DATABASE_URL is not a valid URL","invocations":1,"location":null,"numPassingAsserts":3,"retryReasons":[],"status":"passed","title":"should fail when DATABASE_URL is not a valid URL"},{"ancestorTitles":["Environment Variable Validation"],"duration":1852,"failureDetails":[],"failureMessages":[],"fullName":"Environment Variable Validation should pass validation even if NEXTAUTH_URL & AUTH_URL omitted entirely, relying on Vercel URL mapping if theoretically present","invocations":1,"location":null,"numPassingAsserts":1,"retryReasons":[],"status":"passed","title":"should pass validation even if NEXTAUTH_URL & AUTH_URL omitted entirely, relying on Vercel URL mapping if theoretically present"}],"endTime":1772546263048,"message":"","name":"C:\\Users\\Lenovo\\.gemini\\antigravity\\scratch\\inflect-compliance\\tests\\unit\\env.test.ts","startTime":1772546249954,"status":"passed","summary":""}],"wasInterrupted":false}
